{"/home/usuario/ull-esit-inf-dsi-22-23-prct07-destravate-datamodel-grupoe/src/grupo.ts":{"path":"/home/usuario/ull-esit-inf-dsi-22-23-prct07-destravate-datamodel-grupoe/src/grupo.ts","statementMap":{"0":{"start":{"line":2,"column":0},"end":{"line":2,"column":62}},"1":{"start":{"line":3,"column":0},"end":{"line":3,"column":23}},"2":{"start":{"line":4,"column":13},"end":{"line":4,"column":28}},"3":{"start":{"line":26,"column":8},"end":{"line":26,"column":30}},"4":{"start":{"line":27,"column":8},"end":{"line":27,"column":44}},"5":{"start":{"line":28,"column":8},"end":{"line":28,"column":67}},"6":{"start":{"line":29,"column":8},"end":{"line":29,"column":35}},"7":{"start":{"line":30,"column":8},"end":{"line":30,"column":46}},"8":{"start":{"line":32,"column":8},"end":{"line":32,"column":27}},"9":{"start":{"line":34,"column":26},"end":{"line":34,"column":75}},"10":{"start":{"line":35,"column":8},"end":{"line":62,"column":9}},"11":{"start":{"line":36,"column":12},"end":{"line":36,"column":93}},"12":{"start":{"line":39,"column":12},"end":{"line":52,"column":13}},"13":{"start":{"line":40,"column":16},"end":{"line":40,"column":30}},"14":{"start":{"line":44,"column":34},"end":{"line":44,"column":79}},"15":{"start":{"line":45,"column":16},"end":{"line":45,"column":48}},"16":{"start":{"line":45,"column":41},"end":{"line":45,"column":46}},"17":{"start":{"line":46,"column":16},"end":{"line":51,"column":17}},"18":{"start":{"line":47,"column":20},"end":{"line":47,"column":33}},"19":{"start":{"line":50,"column":20},"end":{"line":50,"column":67}},"20":{"start":{"line":53,"column":12},"end":{"line":61,"column":23}},"21":{"start":{"line":86,"column":8},"end":{"line":86,"column":24}},"22":{"start":{"line":93,"column":8},"end":{"line":93,"column":28}},"23":{"start":{"line":100,"column":8},"end":{"line":100,"column":35}},"24":{"start":{"line":107,"column":8},"end":{"line":107,"column":47}},"25":{"start":{"line":114,"column":8},"end":{"line":114,"column":29}},"26":{"start":{"line":121,"column":8},"end":{"line":121,"column":37}},"27":{"start":{"line":128,"column":8},"end":{"line":128,"column":36}},"28":{"start":{"line":135,"column":8},"end":{"line":135,"column":33}},"29":{"start":{"line":142,"column":8},"end":{"line":142,"column":30}},"30":{"start":{"line":149,"column":8},"end":{"line":149,"column":44}},"31":{"start":{"line":156,"column":8},"end":{"line":156,"column":68}},"32":{"start":{"line":163,"column":8},"end":{"line":163,"column":32}},"33":{"start":{"line":170,"column":8},"end":{"line":170,"column":47}},"34":{"start":{"line":177,"column":8},"end":{"line":177,"column":46}},"35":{"start":{"line":180,"column":0},"end":{"line":180,"column":22}}},"fnMap":{"0":{"name":"(anonymous_0)","decl":{"start":{"line":25,"column":4},"end":{"line":25,"column":5}},"loc":{"start":{"line":25,"column":85},"end":{"line":63,"column":5}},"line":25},"1":{"name":"(anonymous_1)","decl":{"start":{"line":45,"column":31},"end":{"line":45,"column":32}},"loc":{"start":{"line":45,"column":41},"end":{"line":45,"column":46}},"line":45},"2":{"name":"(anonymous_2)","decl":{"start":{"line":85,"column":4},"end":{"line":85,"column":5}},"loc":{"start":{"line":85,"column":16},"end":{"line":87,"column":5}},"line":85},"3":{"name":"(anonymous_3)","decl":{"start":{"line":92,"column":4},"end":{"line":92,"column":5}},"loc":{"start":{"line":92,"column":20},"end":{"line":94,"column":5}},"line":92},"4":{"name":"(anonymous_4)","decl":{"start":{"line":99,"column":4},"end":{"line":99,"column":5}},"loc":{"start":{"line":99,"column":27},"end":{"line":101,"column":5}},"line":99},"5":{"name":"(anonymous_5)","decl":{"start":{"line":106,"column":4},"end":{"line":106,"column":5}},"loc":{"start":{"line":106,"column":39},"end":{"line":108,"column":5}},"line":106},"6":{"name":"(anonymous_6)","decl":{"start":{"line":113,"column":4},"end":{"line":113,"column":5}},"loc":{"start":{"line":113,"column":21},"end":{"line":115,"column":5}},"line":113},"7":{"name":"(anonymous_7)","decl":{"start":{"line":120,"column":4},"end":{"line":120,"column":5}},"loc":{"start":{"line":120,"column":28},"end":{"line":122,"column":5}},"line":120},"8":{"name":"(anonymous_8)","decl":{"start":{"line":127,"column":4},"end":{"line":127,"column":5}},"loc":{"start":{"line":127,"column":28},"end":{"line":129,"column":5}},"line":127},"9":{"name":"(anonymous_9)","decl":{"start":{"line":134,"column":4},"end":{"line":134,"column":5}},"loc":{"start":{"line":134,"column":29},"end":{"line":136,"column":5}},"line":134},"10":{"name":"(anonymous_10)","decl":{"start":{"line":141,"column":4},"end":{"line":141,"column":5}},"loc":{"start":{"line":141,"column":26},"end":{"line":143,"column":5}},"line":141},"11":{"name":"(anonymous_11)","decl":{"start":{"line":148,"column":4},"end":{"line":148,"column":5}},"loc":{"start":{"line":148,"column":40},"end":{"line":150,"column":5}},"line":148},"12":{"name":"(anonymous_12)","decl":{"start":{"line":155,"column":4},"end":{"line":155,"column":5}},"loc":{"start":{"line":155,"column":64},"end":{"line":157,"column":5}},"line":155},"13":{"name":"(anonymous_13)","decl":{"start":{"line":162,"column":4},"end":{"line":162,"column":5}},"loc":{"start":{"line":162,"column":28},"end":{"line":164,"column":5}},"line":162},"14":{"name":"(anonymous_14)","decl":{"start":{"line":169,"column":4},"end":{"line":169,"column":5}},"loc":{"start":{"line":169,"column":42},"end":{"line":171,"column":5}},"line":169},"15":{"name":"(anonymous_15)","decl":{"start":{"line":176,"column":4},"end":{"line":176,"column":5}},"loc":{"start":{"line":176,"column":42},"end":{"line":178,"column":5}},"line":176}},"branchMap":{"0":{"loc":{"start":{"line":35,"column":8},"end":{"line":62,"column":9}},"type":"if","locations":[{"start":{"line":35,"column":8},"end":{"line":62,"column":9}},{"start":{"line":35,"column":8},"end":{"line":62,"column":9}}],"line":35},"1":{"loc":{"start":{"line":39,"column":12},"end":{"line":52,"column":13}},"type":"if","locations":[{"start":{"line":39,"column":12},"end":{"line":52,"column":13}},{"start":{"line":39,"column":12},"end":{"line":52,"column":13}}],"line":39},"2":{"loc":{"start":{"line":46,"column":16},"end":{"line":51,"column":17}},"type":"if","locations":[{"start":{"line":46,"column":16},"end":{"line":51,"column":17}},{"start":{"line":46,"column":16},"end":{"line":51,"column":17}}],"line":46}},"s":{"0":1,"1":1,"2":1,"3":9,"4":9,"5":9,"6":9,"7":9,"8":9,"9":9,"10":9,"11":8,"12":1,"13":0,"14":1,"15":1,"16":5,"17":1,"18":0,"19":1,"20":1,"21":9,"22":1,"23":1,"24":1,"25":1,"26":1,"27":1,"28":1,"29":1,"30":1,"31":1,"32":1,"33":1,"34":1,"35":1},"f":{"0":9,"1":5,"2":9,"3":1,"4":1,"5":1,"6":1,"7":1,"8":1,"9":1,"10":1,"11":1,"12":1,"13":1,"14":1,"15":1},"b":{"0":[8,1],"1":[0,1],"2":[0,1]},"inputSourceMap":{"version":3,"file":"/home/usuario/ull-esit-inf-dsi-22-23-prct07-destravate-datamodel-grupoe/src/grupo.ts","sources":["/home/usuario/ull-esit-inf-dsi-22-23-prct07-destravate-datamodel-grupoe/src/grupo.ts"],"names":[],"mappings":";;;AAGA,6BAAgC;AAGhC;;;GAGG;AACH,MAAa,KAAK;IACR,GAAG,CAAK;IACR,OAAO,CAAS;IAChB,cAAc,CAAO;IACrB,0BAA0B,CAA2B;IACrD,QAAQ,CAAO;IACf,gBAAgB,CAAQ;IACxB,eAAe,CAAmB;IAE1C;;;;;;;OAOG;IACH,YAAY,MAAc,EAAE,aAAmB,EAAE,wBAAkD,EAAE,cAAgC,EAAC,EAAO;QAC3I,IAAI,CAAC,OAAO,GAAG,MAAM,CAAC;QACtB,IAAI,CAAC,cAAc,GAAG,aAAa,CAAC;QACpC,IAAI,CAAC,0BAA0B,GAAG,wBAAwB,CAAC;QAC3D,IAAI,CAAC,gBAAgB,GAAG,EAAE,CAAC;QAC3B,IAAI,CAAC,eAAe,GAAG,cAAc,CAAC;QAEtC,0CAA0C;QAC1C,IAAI,CAAC,QAAQ,GAAG,EAAE,CAAC;QAEnB,oCAAoC;QACpC,MAAM,SAAS,GAAG,aAAQ,CAAC,GAAG,CAAC,QAAQ,CAAC,CAAC,GAAG,CAAC,QAAQ,CAAC,CAAC,KAAK,EAAE,CAAC;QAC/D,IAAI,SAAS,CAAC,QAAQ,CAAC,IAAI,CAAC,OAAO,CAAC,EAAE;YACpC,IAAI,CAAC,GAAG,GAAG,aAAQ,CAAC,GAAG,CAAC,QAAQ,CAAC,CAAC,IAAI,CAAC,EAAE,MAAM,EAAE,IAAI,CAAC,OAAO,EAAE,CAAC,CAAC,KAAK,EAAE,CAAC,EAAE,CAAC;SAC7E;aAAM;YACL,IAAI,EAAE,KAAK,SAAS,EAAE;gBACpB,IAAI,CAAC,GAAG,GAAG,EAAE,CAAC;aACf;iBACI;gBACH,yCAAyC;gBACzC,MAAM,SAAS,GAAG,aAAQ,CAAC,GAAG,CAAC,QAAQ,CAAC,CAAC,GAAG,CAAC,IAAI,CAAC,CAAC,KAAK,EAAE,CAAC;gBAC3D,SAAS,CAAC,IAAI,CAAC,CAAC,CAAC,EAAE,CAAC,EAAE,EAAE,CAAC,CAAC,GAAG,CAAC,CAAC,CAAC;gBAChC,IAAI,SAAS,CAAC,MAAM,KAAK,CAAC,EAAE;oBAC1B,IAAI,CAAC,GAAG,GAAG,CAAC,CAAC;iBACd;qBACI;oBACH,IAAI,CAAC,GAAG,GAAG,SAAS,CAAC,SAAS,CAAC,MAAM,GAAG,CAAC,CAAC,GAAG,CAAC,CAAC;iBAChD;aACF;YAED,aAAQ,CAAC,GAAG,CAAC,QAAQ,CAAC,CAAC,IAAI,CAAC;gBAC1B,EAAE,EAAE,IAAI,CAAC,GAAG;gBACZ,MAAM,EAAE,IAAI,CAAC,OAAO;gBACpB,aAAa,EAAE,IAAI,CAAC,cAAc;gBAClC,yBAAyB,EAAE,IAAI,CAAC,0BAA0B;gBAC1D,OAAO,EAAE,IAAI,CAAC,QAAQ;gBACtB,eAAe,EAAE,IAAI,CAAC,gBAAgB;gBACtC,cAAc,EAAE,IAAI,CAAC,eAAe;aACrC,CAAC,CAAC,KAAK,EAAE,CAAC;SACZ;IACH,CAAC;IAGD,4BAA4B;IAC5B,mCAAmC;IACnC,+CAA+C;IAC/C,4CAA4C;IAC5C,+CAA+C;IAC/C,mFAAmF;IACnF,sLAAsL;IACtL,QAAQ;IACR,8FAA8F;IAC9F,iEAAiE;IACjE,mCAAmC;IACnC,iCAAiC;IACjC,wCAAwC;IACxC,QAAQ;IACR,yBAAyB;IAEzB,IAAI;IAGJ,mBAAmB;IAEnB;;;OAGG;IACH,IAAI,KAAK;QACP,OAAO,IAAI,CAAC,GAAG,CAAC;IAClB,CAAC;IAED;;;OAGG;IACH,IAAI,SAAS;QACX,OAAO,IAAI,CAAC,OAAO,CAAC;IACtB,CAAC;IAED;;;OAGG;IACH,IAAI,gBAAgB;QAClB,OAAO,IAAI,CAAC,cAAc,CAAC;IAC7B,CAAC;IAED;;;OAGG;IACH,IAAI,4BAA4B;QAC9B,OAAO,IAAI,CAAC,0BAA0B,CAAC;IACzC,CAAC;IAED;;;OAGG;IACH,IAAI,UAAU;QACZ,OAAO,IAAI,CAAC,QAAQ,CAAC;IACvB,CAAC;IAED;;;OAGG;IACH,IAAI,iBAAiB;QACnB,OAAO,IAAI,CAAC,gBAAgB,CAAC;IAC/B,CAAC;IAED;;;OAGG;IACH,IAAI,iBAAiB;QACnB,OAAO,IAAI,CAAC,eAAe,CAAC;IAC9B,CAAC;IAED;;;OAGG;IACH,IAAI,KAAK,CAAC,aAAiB;QACzB,IAAI,CAAC,GAAG,GAAG,aAAa,CAAC;IAC3B,CAAC;IAED;;;OAGG;IACH,IAAI,SAAS,CAAC,MAAc;QAC1B,IAAI,CAAC,OAAO,GAAG,MAAM,CAAC;IACxB,CAAC;IAED;;;OAGG;IACH,IAAI,gBAAgB,CAAC,aAAmB;QACtC,IAAI,CAAC,cAAc,GAAG,aAAa,CAAC;IACtC,CAAC;IAED;;;OAGG;IACH,IAAI,4BAA4B,CAAC,yBAAmD;QAClF,IAAI,CAAC,0BAA0B,GAAG,yBAAyB,CAAC;IAC9D,CAAC;IAED;;;OAGG;IACH,IAAI,UAAU,CAAC,OAAa;QAC1B,IAAI,CAAC,QAAQ,GAAG,OAAO,CAAC;IAC1B,CAAC;IAED;;;OAGG;IACH,IAAI,iBAAiB,CAAC,cAAoB;QACxC,IAAI,CAAC,gBAAgB,GAAG,cAAc,CAAC;IACzC,CAAC;IAED;;;OAGG;IACH,IAAI,iBAAiB,CAAC,cAAgC;QACpD,IAAI,CAAC,eAAe,GAAG,cAAc,CAAC;IACxC,CAAC;CACF;AAhMD,sBAgMC","sourcesContent":["import { ID,estadisticaEntrenamiento, historicoRutas } from \"./types\";\nimport { Usuario } from \"./usuario\";\n\nimport { database } from \"./bd\";\n\n\n/**\n * @class Grupo\n * @description Clase que representa un grupo de usuarios\n */\nexport class Grupo {\n  private id_: ID;\n  private nombre_: string;\n  private participantes_: ID[];\n  private estadisticasEntrenamiento_: estadisticaEntrenamiento;\n  private ranking_: ID[];\n  private rutas_favoritas_ : ID[];\n  private historicoRutas_: historicoRutas[];\n  \n  /**\n   * Constructor de la clase Grupo.\n   * @param nombre \n   * @param participantes \n   * @param estadisticaEntrenamiento \n   * @param historicoRutas \n   * @param id \n   */\n  constructor(nombre: string, participantes: ID[], estadisticaEntrenamiento: estadisticaEntrenamiento, historicoRutas: historicoRutas[],id?: ID) {\n    this.nombre_ = nombre;\n    this.participantes_ = participantes;\n    this.estadisticasEntrenamiento_ = estadisticaEntrenamiento;\n    this.rutas_favoritas_ = [];\n    this.historicoRutas_ = historicoRutas;\n    \n    // this.ranking_ = this.calcularRanking();\n    this.ranking_ = [];\n    \n    //* escribir en lowdb la ruta creada\n    const id_global = database.get(\"grupos\").map(\"nombre\").value();\n    if (id_global.includes(this.nombre_)) {\n      this.id_ = database.get(\"grupos\").find({ nombre: this.nombre_ }).value().id;\n    } else {\n      if (id !== undefined) {\n        this.id_ = id;\n      }\n      else {\n        // se busca el id más alto y se le suma 1\n        const id_global = database.get(\"grupos\").map(\"id\").value();\n        id_global.sort((a, b) => a - b);\n        if (id_global.length === 0) {\n          this.id_ = 1;\n        }\n        else {\n          this.id_ = id_global[id_global.length - 1] + 1;\n        }\n      }\n      \n      database.get(\"grupos\").push({\n        id: this.id_,\n        nombre: this.nombre_,\n        participantes: this.participantes_,\n        estadisticasEntrenamiento: this.estadisticasEntrenamiento_,\n        ranking: this.ranking_,\n        rutas_favoritas: this.rutas_favoritas_,\n        historicoRutas: this.historicoRutas_\n      }).write();\n    }\n  }\n\n\n  // calcularRanking(): ID[] {\n  //   const ranking: Usuario[] = [];\n  //   const participantes = this.participantes_;\n  //   participantes.forEach(participante => {\n  //     // buscar el usuario en la base de datos\n  //     const usuario = database.get(\"usuarios\").find({ id: participante }).value();\n  //     ranking.push(new Usuario(usuario.nombre, usuario.actividad, usuario.amigos, usuario.grupo_de_amigos, usuario.estadisticas, usuario.historicoRutas, usuario.retos, usuario.id));\n  //   });\n  //   // ordenar el ranking, en base a la suma de los km del histórico de rutas de cada usuario\n  //   ranking.sort((a, b) => b.getKMTotales() - a.getKMTotales());\n  //   const rankingFinal: ID[] = [];\n  //   ranking.forEach(usuario => {\n  //     rankingFinal.push(usuario.getID);\n  //   });\n  //   return rankingFinal;\n\n  // }\n\n\n  //* GETTER Y SETTER\n\n  /**\n   * Método que devuelve el id del grupo\n   * @returns -- id del grupo\n   */\n  get getID(): ID {\n    return this.id_;\n  }\n\n  /**\n   * Método que devuelve el nombre del grupo\n   * @returns -- nombre del grupo\n   */\n  get getNombre(): string {\n    return this.nombre_;\n  }\n\n  /**\n   * Método que devuelve los participantes del grupo\n   * @returns -- participantes del grupo\n   */\n  get getParticipantes(): ID[] {\n    return this.participantes_;\n  }\n\n  /**\n   * Método que devuelve las estadisticas de entrenamiento del grupo\n   * @returns -- estadisticas de entrenamiento del grupo\n   */\n  get getEstadisticasEntrenamiento(): estadisticaEntrenamiento {\n    return this.estadisticasEntrenamiento_;\n  }\n\n  /**\n   * Método que devuelve el ranking del grupo\n   * @returns -- ranking del grupo\n   */\n  get getRanking(): ID[] {\n    return this.ranking_;\n  }\n\n  /**\n   * Método que devuelve las rutas favoritas del grupo\n   * @returns -- rutas favoritas del grupo\n   */\n  get getRutasFavoritas(): ID[] {\n    return this.rutas_favoritas_;\n  }\n\n  /**\n   * Método que devuelve el historico de rutas del grupo\n   * @returns -- historico de rutas del grupo\n   */\n  get getHistoricoRutas(): historicoRutas[] {\n    return this.historicoRutas_;\n  }\n\n  /**\n   * Método que modifica el id del grupo\n   * @param identificador-- nuevo id del grupo\n   */\n  set setID(identificador: ID) {\n    this.id_ = identificador;\n  }\n\n  /**\n   * Método que modifica el nombre del grupo\n   * @param nombre -- nuevo nombre del grupo\n   */\n  set setNombre(nombre: string) {\n    this.nombre_ = nombre;\n  }\n\n  /**\n   * Método que añade un participante al grupo\n   * @param participante -- participante que se añade al grupo\n   */\n  set setParticipantes(participantes: ID[]) {\n    this.participantes_ = participantes;\n  }\n\n  /**\n   * Método que añade un participante al grupo\n   * @param participante -- participante que se añade al grupo\n   */\n  set setEstadisticasEntrenamiento(estadisticasEntrenamiento: estadisticaEntrenamiento) {\n    this.estadisticasEntrenamiento_ = estadisticasEntrenamiento;\n  }\n\n  /**\n   * Método que añade un ranking al ranking del grupo\n   * @param ranking -- ranking que se añade al ranking del grupo\n   */\n  set setRanking(ranking: ID[]) {\n    this.ranking_ = ranking;\n  }\n\n  /**\n   * Método que añade una ruta a las rutas favoritas del grupo\n   * @param ruta -- ruta que se añade a las rutas favoritas\n   */\n  set setRutasFavoritas(rutasFavoritas: ID[]) {\n    this.rutas_favoritas_ = rutasFavoritas;\n  }\n\n  /**\n   * Método que añade una ruta al historico de rutas del grupo\n   * @param ruta -- ruta que se añade al historico\n   */\n  set setHistoricoRutas(historicoRutas: historicoRutas[]) {\n    this.historicoRutas_ = historicoRutas;\n  }\n}"]},"_coverageSchema":"1a1c01bbd47fc00a2c39e90264f33305004495a9","hash":"ba603f6080728f3614537f1ddd3a01003246c0ef","contentHash":"461a0f39ea8349a9b45619063940419484f7ab725e97f38f2a5ad6beca6cbfdd"},"/home/usuario/ull-esit-inf-dsi-22-23-prct07-destravate-datamodel-grupoe/src/bd.ts":{"path":"/home/usuario/ull-esit-inf-dsi-22-23-prct07-destravate-datamodel-grupoe/src/bd.ts","statementMap":{"0":{"start":{"line":2,"column":0},"end":{"line":2,"column":62}},"1":{"start":{"line":3,"column":0},"end":{"line":3,"column":26}},"2":{"start":{"line":5,"column":14},"end":{"line":5,"column":30}},"3":{"start":{"line":6,"column":17},"end":{"line":6,"column":51}},"4":{"start":{"line":8,"column":0},"end":{"line":8,"column":56}},"5":{"start":{"line":9,"column":0},"end":{"line":9,"column":98}}},"fnMap":{},"branchMap":{},"s":{"0":1,"1":1,"2":1,"3":1,"4":1,"5":1},"f":{},"b":{},"inputSourceMap":{"version":3,"file":"/home/usuario/ull-esit-inf-dsi-22-23-prct07-destravate-datamodel-grupoe/src/bd.ts","sources":["/home/usuario/ull-esit-inf-dsi-22-23-prct07-destravate-datamodel-grupoe/src/bd.ts"],"names":[],"mappings":";;;AAAA,QAAQ;AACR,+BAA+B;AAC/B,oDAAoD;AAIpD,wCAAwC;AACxC,gBAAQ,GAAG,KAAK,CAAC,IAAI,QAAQ,CAAC,eAAe,CAAC,CAAC,CAAC;AAChD,gBAAQ,CAAC,QAAQ,CAAC,EAAE,KAAK,EAAE,EAAE,EAAE,EAAE,EAAC,QAAQ,EAAE,EAAE,EAAE,EAAE,EAAE,MAAM,EAAE,EAAE,EAAC,EAAE,EAAE,KAAK,EAAE,EAAE,EAAC,CAAC,CAAC,KAAK,EAAE,CAAC","sourcesContent":["// lowdb\nimport * as lowdb from \"lowdb\";\nimport * as FileSync from \"lowdb/adapters/FileSync\";\nimport { schemaType } from \"./types\";\n\nexport let database: lowdb.LowdbSync<schemaType>;\n// eslint-disable-next-line prefer-const\ndatabase = lowdb(new FileSync(\"database.json\"));\ndatabase.defaults({ rutas: [] }, {usuarios: [] }, { grupos: []}, { retos: []}).write();"]},"_coverageSchema":"1a1c01bbd47fc00a2c39e90264f33305004495a9","hash":"be2d6fc28264ac61e16d6e2e031cc25decea83b3","contentHash":"aaf92e7f08ba74d5ac87c1322042a203b27bb33bf34256db90b40301eaaa7393"},"/home/usuario/ull-esit-inf-dsi-22-23-prct07-destravate-datamodel-grupoe/src/gruposCollection.ts":{"path":"/home/usuario/ull-esit-inf-dsi-22-23-prct07-destravate-datamodel-grupoe/src/gruposCollection.ts","statementMap":{"0":{"start":{"line":2,"column":0},"end":{"line":2,"column":62}},"1":{"start":{"line":3,"column":0},"end":{"line":3,"column":34}},"2":{"start":{"line":4,"column":17},"end":{"line":4,"column":36}},"3":{"start":{"line":5,"column":13},"end":{"line":5,"column":28}},"4":{"start":{"line":6,"column":16},"end":{"line":6,"column":34}},"5":{"start":{"line":17,"column":8},"end":{"line":17,"column":22}},"6":{"start":{"line":23,"column":27},"end":{"line":23,"column":62}},"7":{"start":{"line":24,"column":26},"end":{"line":24,"column":28}},"8":{"start":{"line":25,"column":8},"end":{"line":28,"column":11}},"9":{"start":{"line":26,"column":30},"end":{"line":26,"column":147}},"10":{"start":{"line":27,"column":12},"end":{"line":27,"column":38}},"11":{"start":{"line":29,"column":8},"end":{"line":29,"column":35}},"12":{"start":{"line":36,"column":23},"end":{"line":36,"column":52}},"13":{"start":{"line":37,"column":8},"end":{"line":73,"column":11}},"14":{"start":{"line":52,"column":12},"end":{"line":72,"column":13}},"15":{"start":{"line":54,"column":20},"end":{"line":54,"column":50}},"16":{"start":{"line":55,"column":20},"end":{"line":55,"column":26}},"17":{"start":{"line":57,"column":20},"end":{"line":57,"column":50}},"18":{"start":{"line":58,"column":20},"end":{"line":58,"column":26}},"19":{"start":{"line":60,"column":20},"end":{"line":60,"column":50}},"20":{"start":{"line":61,"column":20},"end":{"line":61,"column":26}},"21":{"start":{"line":63,"column":20},"end":{"line":63,"column":48}},"22":{"start":{"line":64,"column":20},"end":{"line":64,"column":26}},"23":{"start":{"line":66,"column":20},"end":{"line":66,"column":49}},"24":{"start":{"line":67,"column":20},"end":{"line":67,"column":26}},"25":{"start":{"line":70,"column":20},"end":{"line":70,"column":36}},"26":{"start":{"line":71,"column":20},"end":{"line":71,"column":26}},"27":{"start":{"line":79,"column":25},"end":{"line":79,"column":29}},"28":{"start":{"line":80,"column":23},"end":{"line":80,"column":52}},"29":{"start":{"line":81,"column":8},"end":{"line":109,"column":11}},"30":{"start":{"line":92,"column":12},"end":{"line":94,"column":13}},"31":{"start":{"line":93,"column":16},"end":{"line":93,"column":35}},"32":{"start":{"line":95,"column":33},"end":{"line":95,"column":45}},"33":{"start":{"line":96,"column":12},"end":{"line":103,"column":15}},"34":{"start":{"line":97,"column":16},"end":{"line":102,"column":17}},"35":{"start":{"line":98,"column":20},"end":{"line":98,"column":66}},"36":{"start":{"line":101,"column":20},"end":{"line":101,"column":66}},"37":{"start":{"line":104,"column":12},"end":{"line":104,"column":36}},"38":{"start":{"line":105,"column":12},"end":{"line":107,"column":15}},"39":{"start":{"line":106,"column":16},"end":{"line":106,"column":44}},"40":{"start":{"line":108,"column":12},"end":{"line":108,"column":29}},"41":{"start":{"line":115,"column":25},"end":{"line":115,"column":29}},"42":{"start":{"line":116,"column":23},"end":{"line":116,"column":52}},"43":{"start":{"line":117,"column":8},"end":{"line":145,"column":11}},"44":{"start":{"line":128,"column":12},"end":{"line":130,"column":13}},"45":{"start":{"line":129,"column":16},"end":{"line":129,"column":35}},"46":{"start":{"line":131,"column":33},"end":{"line":131,"column":45}},"47":{"start":{"line":132,"column":12},"end":{"line":139,"column":15}},"48":{"start":{"line":133,"column":16},"end":{"line":138,"column":17}},"49":{"start":{"line":134,"column":20},"end":{"line":134,"column":111}},"50":{"start":{"line":137,"column":20},"end":{"line":137,"column":111}},"51":{"start":{"line":141,"column":12},"end":{"line":143,"column":15}},"52":{"start":{"line":142,"column":16},"end":{"line":142,"column":93}},"53":{"start":{"line":144,"column":12},"end":{"line":144,"column":29}},"54":{"start":{"line":151,"column":25},"end":{"line":151,"column":29}},"55":{"start":{"line":152,"column":23},"end":{"line":152,"column":52}},"56":{"start":{"line":153,"column":8},"end":{"line":180,"column":11}},"57":{"start":{"line":164,"column":12},"end":{"line":166,"column":13}},"58":{"start":{"line":165,"column":16},"end":{"line":165,"column":35}},"59":{"start":{"line":167,"column":33},"end":{"line":167,"column":45}},"60":{"start":{"line":168,"column":12},"end":{"line":175,"column":15}},"61":{"start":{"line":169,"column":16},"end":{"line":174,"column":17}},"62":{"start":{"line":170,"column":20},"end":{"line":170,"column":105}},"63":{"start":{"line":173,"column":20},"end":{"line":173,"column":105}},"64":{"start":{"line":176,"column":12},"end":{"line":178,"column":15}},"65":{"start":{"line":177,"column":16},"end":{"line":177,"column":90}},"66":{"start":{"line":179,"column":12},"end":{"line":179,"column":29}},"67":{"start":{"line":186,"column":25},"end":{"line":186,"column":29}},"68":{"start":{"line":187,"column":23},"end":{"line":187,"column":52}},"69":{"start":{"line":188,"column":8},"end":{"line":216,"column":11}},"70":{"start":{"line":199,"column":12},"end":{"line":201,"column":13}},"71":{"start":{"line":200,"column":16},"end":{"line":200,"column":35}},"72":{"start":{"line":202,"column":33},"end":{"line":202,"column":45}},"73":{"start":{"line":203,"column":12},"end":{"line":210,"column":15}},"74":{"start":{"line":204,"column":16},"end":{"line":209,"column":17}},"75":{"start":{"line":205,"column":20},"end":{"line":205,"column":105}},"76":{"start":{"line":208,"column":20},"end":{"line":208,"column":105}},"77":{"start":{"line":212,"column":12},"end":{"line":214,"column":15}},"78":{"start":{"line":213,"column":16},"end":{"line":213,"column":88}},"79":{"start":{"line":215,"column":12},"end":{"line":215,"column":29}},"80":{"start":{"line":222,"column":25},"end":{"line":222,"column":29}},"81":{"start":{"line":223,"column":23},"end":{"line":223,"column":52}},"82":{"start":{"line":224,"column":8},"end":{"line":252,"column":11}},"83":{"start":{"line":235,"column":12},"end":{"line":237,"column":13}},"84":{"start":{"line":236,"column":16},"end":{"line":236,"column":35}},"85":{"start":{"line":238,"column":33},"end":{"line":238,"column":45}},"86":{"start":{"line":239,"column":12},"end":{"line":246,"column":15}},"87":{"start":{"line":240,"column":16},"end":{"line":245,"column":17}},"88":{"start":{"line":241,"column":20},"end":{"line":241,"column":81}},"89":{"start":{"line":244,"column":20},"end":{"line":244,"column":81}},"90":{"start":{"line":248,"column":12},"end":{"line":250,"column":15}},"91":{"start":{"line":249,"column":16},"end":{"line":249,"column":83}},"92":{"start":{"line":251,"column":12},"end":{"line":251,"column":29}},"93":{"start":{"line":259,"column":23},"end":{"line":259,"column":52}},"94":{"start":{"line":260,"column":8},"end":{"line":287,"column":11}},"95":{"start":{"line":273,"column":12},"end":{"line":286,"column":13}},"96":{"start":{"line":275,"column":20},"end":{"line":275,"column":45}},"97":{"start":{"line":276,"column":20},"end":{"line":276,"column":26}},"98":{"start":{"line":278,"column":20},"end":{"line":278,"column":47}},"99":{"start":{"line":279,"column":20},"end":{"line":279,"column":26}},"100":{"start":{"line":281,"column":20},"end":{"line":281,"column":48}},"101":{"start":{"line":282,"column":20},"end":{"line":282,"column":26}},"102":{"start":{"line":284,"column":20},"end":{"line":284,"column":36}},"103":{"start":{"line":285,"column":20},"end":{"line":285,"column":26}},"104":{"start":{"line":293,"column":23},"end":{"line":293,"column":52}},"105":{"start":{"line":294,"column":8},"end":{"line":305,"column":11}},"106":{"start":{"line":300,"column":20},"end":{"line":300,"column":73}},"107":{"start":{"line":304,"column":12},"end":{"line":304,"column":48}},"108":{"start":{"line":312,"column":8},"end":{"line":317,"column":11}},"109":{"start":{"line":313,"column":12},"end":{"line":316,"column":13}},"110":{"start":{"line":314,"column":16},"end":{"line":314,"column":70}},"111":{"start":{"line":315,"column":16},"end":{"line":315,"column":28}},"112":{"start":{"line":318,"column":8},"end":{"line":318,"column":21}},"113":{"start":{"line":326,"column":37},"end":{"line":326,"column":42}},"114":{"start":{"line":327,"column":21},"end":{"line":327,"column":23}},"115":{"start":{"line":328,"column":8},"end":{"line":333,"column":11}},"116":{"start":{"line":329,"column":12},"end":{"line":332,"column":13}},"117":{"start":{"line":330,"column":16},"end":{"line":330,"column":46}},"118":{"start":{"line":331,"column":16},"end":{"line":331,"column":31}},"119":{"start":{"line":334,"column":8},"end":{"line":337,"column":9}},"120":{"start":{"line":335,"column":12},"end":{"line":335,"column":71}},"121":{"start":{"line":336,"column":12},"end":{"line":336,"column":19}},"122":{"start":{"line":338,"column":23},"end":{"line":338,"column":52}},"123":{"start":{"line":339,"column":8},"end":{"line":519,"column":11}},"124":{"start":{"line":352,"column":12},"end":{"line":518,"column":13}},"125":{"start":{"line":354,"column":20},"end":{"line":367,"column":23}},"126":{"start":{"line":361,"column":24},"end":{"line":361,"column":73}},"127":{"start":{"line":362,"column":24},"end":{"line":362,"column":61}},"128":{"start":{"line":363,"column":42},"end":{"line":363,"column":249}},"129":{"start":{"line":364,"column":24},"end":{"line":364,"column":53}},"130":{"start":{"line":365,"column":24},"end":{"line":365,"column":55}},"131":{"start":{"line":366,"column":24},"end":{"line":366,"column":44}},"132":{"start":{"line":368,"column":20},"end":{"line":368,"column":26}},"133":{"start":{"line":370,"column":20},"end":{"line":417,"column":23}},"134":{"start":{"line":381,"column":24},"end":{"line":416,"column":25}},"135":{"start":{"line":383,"column":32},"end":{"line":396,"column":35}},"136":{"start":{"line":390,"column":36},"end":{"line":390,"column":146}},"137":{"start":{"line":391,"column":36},"end":{"line":391,"column":73}},"138":{"start":{"line":392,"column":54},"end":{"line":392,"column":261}},"139":{"start":{"line":393,"column":36},"end":{"line":393,"column":65}},"140":{"start":{"line":394,"column":36},"end":{"line":394,"column":67}},"141":{"start":{"line":395,"column":36},"end":{"line":395,"column":56}},"142":{"start":{"line":397,"column":32},"end":{"line":397,"column":38}},"143":{"start":{"line":399,"column":32},"end":{"line":414,"column":35}},"144":{"start":{"line":406,"column":36},"end":{"line":408,"column":39}},"145":{"start":{"line":407,"column":40},"end":{"line":407,"column":77}},"146":{"start":{"line":409,"column":36},"end":{"line":409,"column":73}},"147":{"start":{"line":410,"column":54},"end":{"line":410,"column":261}},"148":{"start":{"line":411,"column":36},"end":{"line":411,"column":65}},"149":{"start":{"line":412,"column":36},"end":{"line":412,"column":67}},"150":{"start":{"line":413,"column":36},"end":{"line":413,"column":56}},"151":{"start":{"line":415,"column":32},"end":{"line":415,"column":38}},"152":{"start":{"line":418,"column":20},"end":{"line":418,"column":26}},"153":{"start":{"line":420,"column":20},"end":{"line":475,"column":23}},"154":{"start":{"line":452,"column":55},"end":{"line":455,"column":25}},"155":{"start":{"line":456,"column":52},"end":{"line":459,"column":25}},"156":{"start":{"line":460,"column":52},"end":{"line":463,"column":25}},"157":{"start":{"line":464,"column":49},"end":{"line":468,"column":25}},"158":{"start":{"line":469,"column":24},"end":{"line":469,"column":93}},"159":{"start":{"line":470,"column":24},"end":{"line":470,"column":61}},"160":{"start":{"line":471,"column":43},"end":{"line":471,"column":250}},"161":{"start":{"line":472,"column":24},"end":{"line":472,"column":54}},"162":{"start":{"line":473,"column":24},"end":{"line":473,"column":55}},"163":{"start":{"line":474,"column":24},"end":{"line":474,"column":44}},"164":{"start":{"line":476,"column":20},"end":{"line":476,"column":26}},"165":{"start":{"line":478,"column":20},"end":{"line":516,"column":23}},"166":{"start":{"line":501,"column":42},"end":{"line":505,"column":25}},"167":{"start":{"line":506,"column":46},"end":{"line":509,"column":25}},"168":{"start":{"line":510,"column":24},"end":{"line":510,"column":83}},"169":{"start":{"line":511,"column":24},"end":{"line":511,"column":61}},"170":{"start":{"line":512,"column":41},"end":{"line":512,"column":248}},"171":{"start":{"line":513,"column":24},"end":{"line":513,"column":52}},"172":{"start":{"line":514,"column":24},"end":{"line":514,"column":55}},"173":{"start":{"line":515,"column":24},"end":{"line":515,"column":44}},"174":{"start":{"line":517,"column":20},"end":{"line":517,"column":26}},"175":{"start":{"line":525,"column":23},"end":{"line":525,"column":52}},"176":{"start":{"line":526,"column":8},"end":{"line":538,"column":11}},"177":{"start":{"line":532,"column":20},"end":{"line":532,"column":73}},"178":{"start":{"line":536,"column":12},"end":{"line":536,"column":47}},"179":{"start":{"line":537,"column":12},"end":{"line":537,"column":32}},"180":{"start":{"line":544,"column":27},"end":{"line":544,"column":32}},"181":{"start":{"line":546,"column":8},"end":{"line":553,"column":11}},"182":{"start":{"line":547,"column":12},"end":{"line":552,"column":13}},"183":{"start":{"line":548,"column":16},"end":{"line":548,"column":34}},"184":{"start":{"line":549,"column":16},"end":{"line":549,"column":47}},"185":{"start":{"line":550,"column":16},"end":{"line":550,"column":36}},"186":{"start":{"line":551,"column":16},"end":{"line":551,"column":70}},"187":{"start":{"line":554,"column":8},"end":{"line":559,"column":9}},"188":{"start":{"line":555,"column":12},"end":{"line":555,"column":29}},"189":{"start":{"line":558,"column":12},"end":{"line":558,"column":29}},"190":{"start":{"line":565,"column":23},"end":{"line":565,"column":52}},"191":{"start":{"line":566,"column":8},"end":{"line":615,"column":11}},"192":{"start":{"line":598,"column":34},"end":{"line":598,"column":66}},"193":{"start":{"line":599,"column":37},"end":{"line":599,"column":39}},"194":{"start":{"line":600,"column":31},"end":{"line":600,"column":59}},"195":{"start":{"line":601,"column":12},"end":{"line":601,"column":68}},"196":{"start":{"line":602,"column":12},"end":{"line":602,"column":68}},"197":{"start":{"line":603,"column":12},"end":{"line":603,"column":68}},"198":{"start":{"line":604,"column":25},"end":{"line":604,"column":109}},"199":{"start":{"line":605,"column":25},"end":{"line":605,"column":109}},"200":{"start":{"line":606,"column":25},"end":{"line":606,"column":109}},"201":{"start":{"line":607,"column":33},"end":{"line":611,"column":13}},"202":{"start":{"line":612,"column":30},"end":{"line":612,"column":104}},"203":{"start":{"line":613,"column":12},"end":{"line":613,"column":41}},"204":{"start":{"line":614,"column":12},"end":{"line":614,"column":32}},"205":{"start":{"line":622,"column":8},"end":{"line":622,"column":28}},"206":{"start":{"line":628,"column":8},"end":{"line":628,"column":30}},"207":{"start":{"line":631,"column":0},"end":{"line":631,"column":44}}},"fnMap":{"0":{"name":"(anonymous_0)","decl":{"start":{"line":16,"column":4},"end":{"line":16,"column":5}},"loc":{"start":{"line":16,"column":18},"end":{"line":18,"column":5}},"line":16},"1":{"name":"(anonymous_1)","decl":{"start":{"line":22,"column":4},"end":{"line":22,"column":5}},"loc":{"start":{"line":22,"column":13},"end":{"line":30,"column":5}},"line":22},"2":{"name":"(anonymous_2)","decl":{"start":{"line":25,"column":27},"end":{"line":25,"column":28}},"loc":{"start":{"line":25,"column":38},"end":{"line":28,"column":9}},"line":25},"3":{"name":"(anonymous_3)","decl":{"start":{"line":35,"column":4},"end":{"line":35,"column":5}},"loc":{"start":{"line":35,"column":16},"end":{"line":74,"column":5}},"line":35},"4":{"name":"(anonymous_4)","decl":{"start":{"line":51,"column":16},"end":{"line":51,"column":17}},"loc":{"start":{"line":51,"column":29},"end":{"line":73,"column":9}},"line":51},"5":{"name":"(anonymous_5)","decl":{"start":{"line":78,"column":4},"end":{"line":78,"column":5}},"loc":{"start":{"line":78,"column":29},"end":{"line":110,"column":5}},"line":78},"6":{"name":"(anonymous_6)","decl":{"start":{"line":91,"column":16},"end":{"line":91,"column":17}},"loc":{"start":{"line":91,"column":29},"end":{"line":109,"column":9}},"line":91},"7":{"name":"(anonymous_7)","decl":{"start":{"line":96,"column":30},"end":{"line":96,"column":31}},"loc":{"start":{"line":96,"column":40},"end":{"line":103,"column":13}},"line":96},"8":{"name":"(anonymous_8)","decl":{"start":{"line":105,"column":33},"end":{"line":105,"column":34}},"loc":{"start":{"line":105,"column":43},"end":{"line":107,"column":13}},"line":105},"9":{"name":"(anonymous_9)","decl":{"start":{"line":114,"column":4},"end":{"line":114,"column":5}},"loc":{"start":{"line":114,"column":29},"end":{"line":146,"column":5}},"line":114},"10":{"name":"(anonymous_10)","decl":{"start":{"line":127,"column":16},"end":{"line":127,"column":17}},"loc":{"start":{"line":127,"column":29},"end":{"line":145,"column":9}},"line":127},"11":{"name":"(anonymous_11)","decl":{"start":{"line":132,"column":30},"end":{"line":132,"column":31}},"loc":{"start":{"line":132,"column":40},"end":{"line":139,"column":13}},"line":132},"12":{"name":"(anonymous_12)","decl":{"start":{"line":141,"column":33},"end":{"line":141,"column":34}},"loc":{"start":{"line":141,"column":43},"end":{"line":143,"column":13}},"line":141},"13":{"name":"(anonymous_13)","decl":{"start":{"line":150,"column":4},"end":{"line":150,"column":5}},"loc":{"start":{"line":150,"column":29},"end":{"line":181,"column":5}},"line":150},"14":{"name":"(anonymous_14)","decl":{"start":{"line":163,"column":16},"end":{"line":163,"column":17}},"loc":{"start":{"line":163,"column":29},"end":{"line":180,"column":9}},"line":163},"15":{"name":"(anonymous_15)","decl":{"start":{"line":168,"column":30},"end":{"line":168,"column":31}},"loc":{"start":{"line":168,"column":40},"end":{"line":175,"column":13}},"line":168},"16":{"name":"(anonymous_16)","decl":{"start":{"line":176,"column":33},"end":{"line":176,"column":34}},"loc":{"start":{"line":176,"column":43},"end":{"line":178,"column":13}},"line":176},"17":{"name":"(anonymous_17)","decl":{"start":{"line":185,"column":4},"end":{"line":185,"column":5}},"loc":{"start":{"line":185,"column":27},"end":{"line":217,"column":5}},"line":185},"18":{"name":"(anonymous_18)","decl":{"start":{"line":198,"column":16},"end":{"line":198,"column":17}},"loc":{"start":{"line":198,"column":29},"end":{"line":216,"column":9}},"line":198},"19":{"name":"(anonymous_19)","decl":{"start":{"line":203,"column":30},"end":{"line":203,"column":31}},"loc":{"start":{"line":203,"column":40},"end":{"line":210,"column":13}},"line":203},"20":{"name":"(anonymous_20)","decl":{"start":{"line":212,"column":33},"end":{"line":212,"column":34}},"loc":{"start":{"line":212,"column":43},"end":{"line":214,"column":13}},"line":212},"21":{"name":"(anonymous_21)","decl":{"start":{"line":221,"column":4},"end":{"line":221,"column":5}},"loc":{"start":{"line":221,"column":28},"end":{"line":253,"column":5}},"line":221},"22":{"name":"(anonymous_22)","decl":{"start":{"line":234,"column":16},"end":{"line":234,"column":17}},"loc":{"start":{"line":234,"column":29},"end":{"line":252,"column":9}},"line":234},"23":{"name":"(anonymous_23)","decl":{"start":{"line":239,"column":30},"end":{"line":239,"column":31}},"loc":{"start":{"line":239,"column":40},"end":{"line":246,"column":13}},"line":239},"24":{"name":"(anonymous_24)","decl":{"start":{"line":248,"column":33},"end":{"line":248,"column":34}},"loc":{"start":{"line":248,"column":43},"end":{"line":250,"column":13}},"line":248},"25":{"name":"(anonymous_25)","decl":{"start":{"line":258,"column":4},"end":{"line":258,"column":5}},"loc":{"start":{"line":258,"column":19},"end":{"line":288,"column":5}},"line":258},"26":{"name":"(anonymous_26)","decl":{"start":{"line":272,"column":16},"end":{"line":272,"column":17}},"loc":{"start":{"line":272,"column":29},"end":{"line":287,"column":9}},"line":272},"27":{"name":"(anonymous_27)","decl":{"start":{"line":292,"column":4},"end":{"line":292,"column":5}},"loc":{"start":{"line":292,"column":27},"end":{"line":306,"column":5}},"line":292},"28":{"name":"(anonymous_28)","decl":{"start":{"line":299,"column":42},"end":{"line":299,"column":43}},"loc":{"start":{"line":299,"column":53},"end":{"line":301,"column":17}},"line":299},"29":{"name":"(anonymous_29)","decl":{"start":{"line":303,"column":16},"end":{"line":303,"column":17}},"loc":{"start":{"line":303,"column":29},"end":{"line":305,"column":9}},"line":303},"30":{"name":"(anonymous_30)","decl":{"start":{"line":311,"column":4},"end":{"line":311,"column":5}},"loc":{"start":{"line":311,"column":36},"end":{"line":319,"column":5}},"line":311},"31":{"name":"(anonymous_31)","decl":{"start":{"line":312,"column":29},"end":{"line":312,"column":30}},"loc":{"start":{"line":312,"column":46},"end":{"line":317,"column":9}},"line":312},"32":{"name":"(anonymous_32)","decl":{"start":{"line":325,"column":4},"end":{"line":325,"column":5}},"loc":{"start":{"line":325,"column":34},"end":{"line":520,"column":5}},"line":325},"33":{"name":"(anonymous_33)","decl":{"start":{"line":328,"column":29},"end":{"line":328,"column":30}},"loc":{"start":{"line":328,"column":45},"end":{"line":333,"column":9}},"line":328},"34":{"name":"(anonymous_34)","decl":{"start":{"line":351,"column":16},"end":{"line":351,"column":17}},"loc":{"start":{"line":351,"column":29},"end":{"line":519,"column":9}},"line":351},"35":{"name":"(anonymous_35)","decl":{"start":{"line":360,"column":28},"end":{"line":360,"column":29}},"loc":{"start":{"line":360,"column":41},"end":{"line":367,"column":21}},"line":360},"36":{"name":"(anonymous_36)","decl":{"start":{"line":380,"column":28},"end":{"line":380,"column":29}},"loc":{"start":{"line":380,"column":41},"end":{"line":417,"column":21}},"line":380},"37":{"name":"(anonymous_37)","decl":{"start":{"line":389,"column":40},"end":{"line":389,"column":41}},"loc":{"start":{"line":389,"column":53},"end":{"line":396,"column":33}},"line":389},"38":{"name":"(anonymous_38)","decl":{"start":{"line":405,"column":40},"end":{"line":405,"column":41}},"loc":{"start":{"line":405,"column":53},"end":{"line":414,"column":33}},"line":405},"39":{"name":"(anonymous_39)","decl":{"start":{"line":406,"column":121},"end":{"line":406,"column":122}},"loc":{"start":{"line":406,"column":129},"end":{"line":408,"column":37}},"line":406},"40":{"name":"(anonymous_40)","decl":{"start":{"line":451,"column":28},"end":{"line":451,"column":29}},"loc":{"start":{"line":451,"column":42},"end":{"line":475,"column":21}},"line":451},"41":{"name":"(anonymous_41)","decl":{"start":{"line":499,"column":28},"end":{"line":499,"column":29}},"loc":{"start":{"line":499,"column":41},"end":{"line":516,"column":21}},"line":499},"42":{"name":"(anonymous_42)","decl":{"start":{"line":524,"column":4},"end":{"line":524,"column":5}},"loc":{"start":{"line":524,"column":26},"end":{"line":539,"column":5}},"line":524},"43":{"name":"(anonymous_43)","decl":{"start":{"line":531,"column":44},"end":{"line":531,"column":45}},"loc":{"start":{"line":531,"column":55},"end":{"line":533,"column":17}},"line":531},"44":{"name":"(anonymous_44)","decl":{"start":{"line":535,"column":16},"end":{"line":535,"column":17}},"loc":{"start":{"line":535,"column":29},"end":{"line":538,"column":9}},"line":535},"45":{"name":"(anonymous_45)","decl":{"start":{"line":543,"column":4},"end":{"line":543,"column":5}},"loc":{"start":{"line":543,"column":33},"end":{"line":560,"column":5}},"line":543},"46":{"name":"(anonymous_46)","decl":{"start":{"line":546,"column":29},"end":{"line":546,"column":30}},"loc":{"start":{"line":546,"column":48},"end":{"line":553,"column":9}},"line":546},"47":{"name":"(anonymous_47)","decl":{"start":{"line":564,"column":4},"end":{"line":564,"column":5}},"loc":{"start":{"line":564,"column":24},"end":{"line":616,"column":5}},"line":564},"48":{"name":"(anonymous_48)","decl":{"start":{"line":597,"column":16},"end":{"line":597,"column":17}},"loc":{"start":{"line":597,"column":29},"end":{"line":615,"column":9}},"line":597},"49":{"name":"(anonymous_49)","decl":{"start":{"line":621,"column":4},"end":{"line":621,"column":5}},"loc":{"start":{"line":621,"column":20},"end":{"line":623,"column":5}},"line":621},"50":{"name":"(anonymous_50)","decl":{"start":{"line":627,"column":4},"end":{"line":627,"column":5}},"loc":{"start":{"line":627,"column":26},"end":{"line":629,"column":5}},"line":627}},"branchMap":{"0":{"loc":{"start":{"line":52,"column":12},"end":{"line":72,"column":13}},"type":"switch","locations":[{"start":{"line":53,"column":16},"end":{"line":55,"column":26}},{"start":{"line":56,"column":16},"end":{"line":58,"column":26}},{"start":{"line":59,"column":16},"end":{"line":61,"column":26}},{"start":{"line":62,"column":16},"end":{"line":64,"column":26}},{"start":{"line":65,"column":16},"end":{"line":67,"column":26}},{"start":{"line":68,"column":16},"end":{"line":71,"column":26}}],"line":52},"1":{"loc":{"start":{"line":92,"column":12},"end":{"line":94,"column":13}},"type":"if","locations":[{"start":{"line":92,"column":12},"end":{"line":94,"column":13}},{"start":{"line":92,"column":12},"end":{"line":94,"column":13}}],"line":92},"2":{"loc":{"start":{"line":97,"column":16},"end":{"line":102,"column":17}},"type":"if","locations":[{"start":{"line":97,"column":16},"end":{"line":102,"column":17}},{"start":{"line":97,"column":16},"end":{"line":102,"column":17}}],"line":97},"3":{"loc":{"start":{"line":128,"column":12},"end":{"line":130,"column":13}},"type":"if","locations":[{"start":{"line":128,"column":12},"end":{"line":130,"column":13}},{"start":{"line":128,"column":12},"end":{"line":130,"column":13}}],"line":128},"4":{"loc":{"start":{"line":133,"column":16},"end":{"line":138,"column":17}},"type":"if","locations":[{"start":{"line":133,"column":16},"end":{"line":138,"column":17}},{"start":{"line":133,"column":16},"end":{"line":138,"column":17}}],"line":133},"5":{"loc":{"start":{"line":164,"column":12},"end":{"line":166,"column":13}},"type":"if","locations":[{"start":{"line":164,"column":12},"end":{"line":166,"column":13}},{"start":{"line":164,"column":12},"end":{"line":166,"column":13}}],"line":164},"6":{"loc":{"start":{"line":169,"column":16},"end":{"line":174,"column":17}},"type":"if","locations":[{"start":{"line":169,"column":16},"end":{"line":174,"column":17}},{"start":{"line":169,"column":16},"end":{"line":174,"column":17}}],"line":169},"7":{"loc":{"start":{"line":199,"column":12},"end":{"line":201,"column":13}},"type":"if","locations":[{"start":{"line":199,"column":12},"end":{"line":201,"column":13}},{"start":{"line":199,"column":12},"end":{"line":201,"column":13}}],"line":199},"8":{"loc":{"start":{"line":204,"column":16},"end":{"line":209,"column":17}},"type":"if","locations":[{"start":{"line":204,"column":16},"end":{"line":209,"column":17}},{"start":{"line":204,"column":16},"end":{"line":209,"column":17}}],"line":204},"9":{"loc":{"start":{"line":235,"column":12},"end":{"line":237,"column":13}},"type":"if","locations":[{"start":{"line":235,"column":12},"end":{"line":237,"column":13}},{"start":{"line":235,"column":12},"end":{"line":237,"column":13}}],"line":235},"10":{"loc":{"start":{"line":240,"column":16},"end":{"line":245,"column":17}},"type":"if","locations":[{"start":{"line":240,"column":16},"end":{"line":245,"column":17}},{"start":{"line":240,"column":16},"end":{"line":245,"column":17}}],"line":240},"11":{"loc":{"start":{"line":273,"column":12},"end":{"line":286,"column":13}},"type":"switch","locations":[{"start":{"line":274,"column":16},"end":{"line":276,"column":26}},{"start":{"line":277,"column":16},"end":{"line":279,"column":26}},{"start":{"line":280,"column":16},"end":{"line":282,"column":26}},{"start":{"line":283,"column":16},"end":{"line":285,"column":26}}],"line":273},"12":{"loc":{"start":{"line":313,"column":12},"end":{"line":316,"column":13}},"type":"if","locations":[{"start":{"line":313,"column":12},"end":{"line":316,"column":13}},{"start":{"line":313,"column":12},"end":{"line":316,"column":13}}],"line":313},"13":{"loc":{"start":{"line":329,"column":12},"end":{"line":332,"column":13}},"type":"if","locations":[{"start":{"line":329,"column":12},"end":{"line":332,"column":13}},{"start":{"line":329,"column":12},"end":{"line":332,"column":13}}],"line":329},"14":{"loc":{"start":{"line":334,"column":8},"end":{"line":337,"column":9}},"type":"if","locations":[{"start":{"line":334,"column":8},"end":{"line":337,"column":9}},{"start":{"line":334,"column":8},"end":{"line":337,"column":9}}],"line":334},"15":{"loc":{"start":{"line":352,"column":12},"end":{"line":518,"column":13}},"type":"switch","locations":[{"start":{"line":353,"column":16},"end":{"line":368,"column":26}},{"start":{"line":369,"column":16},"end":{"line":418,"column":26}},{"start":{"line":419,"column":16},"end":{"line":476,"column":26}},{"start":{"line":477,"column":16},"end":{"line":517,"column":26}}],"line":352},"16":{"loc":{"start":{"line":381,"column":24},"end":{"line":416,"column":25}},"type":"switch","locations":[{"start":{"line":382,"column":28},"end":{"line":397,"column":38}},{"start":{"line":398,"column":28},"end":{"line":415,"column":38}}],"line":381},"17":{"loc":{"start":{"line":547,"column":12},"end":{"line":552,"column":13}},"type":"if","locations":[{"start":{"line":547,"column":12},"end":{"line":552,"column":13}},{"start":{"line":547,"column":12},"end":{"line":552,"column":13}}],"line":547},"18":{"loc":{"start":{"line":554,"column":8},"end":{"line":559,"column":9}},"type":"if","locations":[{"start":{"line":554,"column":8},"end":{"line":559,"column":9}},{"start":{"line":554,"column":8},"end":{"line":559,"column":9}}],"line":554}},"s":{"0":1,"1":1,"2":1,"3":1,"4":1,"5":1,"6":1,"7":1,"8":1,"9":7,"10":7,"11":1,"12":0,"13":0,"14":0,"15":0,"16":0,"17":0,"18":0,"19":0,"20":0,"21":0,"22":0,"23":0,"24":0,"25":0,"26":0,"27":0,"28":0,"29":0,"30":0,"31":0,"32":0,"33":0,"34":0,"35":0,"36":0,"37":0,"38":0,"39":0,"40":0,"41":0,"42":0,"43":0,"44":0,"45":0,"46":0,"47":0,"48":0,"49":0,"50":0,"51":0,"52":0,"53":0,"54":0,"55":0,"56":0,"57":0,"58":0,"59":0,"60":0,"61":0,"62":0,"63":0,"64":0,"65":0,"66":0,"67":0,"68":0,"69":0,"70":0,"71":0,"72":0,"73":0,"74":0,"75":0,"76":0,"77":0,"78":0,"79":0,"80":0,"81":0,"82":0,"83":0,"84":0,"85":0,"86":0,"87":0,"88":0,"89":0,"90":0,"91":0,"92":0,"93":0,"94":0,"95":0,"96":0,"97":0,"98":0,"99":0,"100":0,"101":0,"102":0,"103":0,"104":0,"105":0,"106":0,"107":0,"108":1,"109":7,"110":1,"111":1,"112":1,"113":0,"114":0,"115":0,"116":0,"117":0,"118":0,"119":0,"120":0,"121":0,"122":0,"123":0,"124":0,"125":0,"126":0,"127":0,"128":0,"129":0,"130":0,"131":0,"132":0,"133":0,"134":0,"135":0,"136":0,"137":0,"138":0,"139":0,"140":0,"141":0,"142":0,"143":0,"144":0,"145":0,"146":0,"147":0,"148":0,"149":0,"150":0,"151":0,"152":0,"153":0,"154":0,"155":0,"156":0,"157":0,"158":0,"159":0,"160":0,"161":0,"162":0,"163":0,"164":0,"165":0,"166":0,"167":0,"168":0,"169":0,"170":0,"171":0,"172":0,"173":0,"174":0,"175":0,"176":0,"177":0,"178":0,"179":0,"180":0,"181":0,"182":0,"183":0,"184":0,"185":0,"186":0,"187":0,"188":0,"189":0,"190":0,"191":0,"192":0,"193":0,"194":0,"195":0,"196":0,"197":0,"198":0,"199":0,"200":0,"201":0,"202":0,"203":0,"204":0,"205":0,"206":1,"207":1},"f":{"0":1,"1":1,"2":7,"3":0,"4":0,"5":0,"6":0,"7":0,"8":0,"9":0,"10":0,"11":0,"12":0,"13":0,"14":0,"15":0,"16":0,"17":0,"18":0,"19":0,"20":0,"21":0,"22":0,"23":0,"24":0,"25":0,"26":0,"27":0,"28":0,"29":0,"30":1,"31":7,"32":0,"33":0,"34":0,"35":0,"36":0,"37":0,"38":0,"39":0,"40":0,"41":0,"42":0,"43":0,"44":0,"45":0,"46":0,"47":0,"48":0,"49":0,"50":1},"b":{"0":[0,0,0,0,0,0],"1":[0,0],"2":[0,0],"3":[0,0],"4":[0,0],"5":[0,0],"6":[0,0],"7":[0,0],"8":[0,0],"9":[0,0],"10":[0,0],"11":[0,0,0,0],"12":[1,6],"13":[0,0],"14":[0,0],"15":[0,0,0,0],"16":[0,0],"17":[0,0],"18":[0,0]},"inputSourceMap":{"version":3,"file":"/home/usuario/ull-esit-inf-dsi-22-23-prct07-destravate-datamodel-grupoe/src/gruposCollection.ts","sources":["/home/usuario/ull-esit-inf-dsi-22-23-prct07-destravate-datamodel-grupoe/src/gruposCollection.ts"],"names":[],"mappings":";;;AAAA,qCAAqC;AACrC,6BAAgC;AAChC,mCAAgC;AAGhC;;;GAGG;AACH,MAAa,gBAAgB;IACnB,OAAO,CAAU;IAEzB;;OAEG;IACH;QACE,IAAI,CAAC,MAAM,EAAE,CAAC;IAChB,CAAC;IAED;;OAEG;IACH,MAAM;QACJ,MAAM,UAAU,GAAG,aAAQ,CAAC,GAAG,CAAC,QAAQ,CAAC,CAAC,KAAK,EAAE,CAAC;QAClD,MAAM,SAAS,GAAY,EAAE,CAAC;QAC9B,UAAU,CAAC,OAAO,CAAC,CAAC,KAAK,EAAE,EAAE;YAC3B,MAAM,SAAS,GAAU,IAAI,aAAK,CAAC,KAAK,CAAC,MAAM,EAAE,KAAK,CAAC,aAAa,EAAE,KAAK,CAAC,yBAAyB,EAAE,KAAK,CAAC,cAAc,EAAE,KAAK,CAAC,EAAE,CAAC,CAAC;YACvI,SAAS,CAAC,IAAI,CAAC,SAAS,CAAC,CAAC;QAC5B,CAAC,CAAC,CAAC;QACH,IAAI,CAAC,SAAS,GAAG,SAAS,CAAC;IAC7B,CAAC;IAED,QAAQ;IAER;;OAEG;IACH,SAAS;QACP,MAAM,MAAM,GAAG,QAAQ,CAAC,kBAAkB,EAAE,CAAC;QAC7C,MAAM,CAAC;YACL;gBACE,IAAI,EAAE,MAAM;gBACZ,IAAI,EAAE,QAAQ;gBACd,OAAO,EAAE,kBAAkB;gBAC3B,OAAO,EAAE;oBACP,EAAC,IAAI,EAAC,yCAAyC,EAAE,KAAK,EAAE,YAAY,EAAC;oBACrE,EAAC,IAAI,EAAC,2BAA2B,EAAE,KAAK,EAAE,eAAe,EAAC;oBAC1D,EAAC,IAAI,EAAC,2BAA2B,EAAE,KAAK,EAAE,eAAe,EAAC;oBAC1D,EAAC,IAAI,EAAC,yBAAyB,EAAE,KAAK,EAAC,aAAa,EAAC;oBACrD,EAAC,IAAI,EAAC,4BAA4B,EAAE,KAAK,EAAE,cAAc,EAAC;oBAC1D,EAAC,IAAI,EAAC,OAAO,EAAE,KAAK,EAAE,OAAO,EAAC;iBAC/B;aACF;SACF,CAAC,CAAC,IAAI,CAAC,CAAC,OAAO,EAAE,EAAE;YAClB,QAAQ,OAAO,CAAC,MAAM,EAAE;gBACtB,KAAK,YAAY;oBACf,IAAI,CAAC,sBAAsB,EAAE,CAAC;oBAC9B,MAAM;gBACR,KAAK,eAAe;oBAClB,IAAI,CAAC,sBAAsB,EAAE,CAAC;oBAC9B,MAAM;gBACR,KAAK,eAAe;oBAClB,IAAI,CAAC,sBAAsB,EAAE,CAAC;oBAC9B,MAAM;gBACR,KAAK,aAAa;oBAChB,IAAI,CAAC,oBAAoB,EAAE,CAAC;oBAC5B,MAAM;gBACR,KAAK,cAAc;oBACjB,IAAI,CAAC,qBAAqB,EAAE,CAAC;oBAC7B,MAAM;gBACR,KAAK,OAAO;oBACV,gBAAgB;oBAChB,OAAO,CAAC,IAAI,CAAC,CAAC,CAAC,CAAC;oBAChB,MAAM;aACT;QACH,CAAC,CAAC,CAAC;IACL,CAAC;IAED;;OAEG;IACH,sBAAsB;QACpB,IAAI,UAAU,GAAG,IAAI,CAAC,CAAC,yBAAyB;QAChD,MAAM,MAAM,GAAG,QAAQ,CAAC,kBAAkB,EAAE,CAAC;QAC7C,MAAM,CAAC;YACL;gBACE,IAAI,EAAE,MAAM;gBACZ,IAAI,EAAE,QAAQ;gBACd,OAAO,EAAE,uBAAuB;gBAChC,OAAO,EAAE;oBACP,EAAC,IAAI,EAAC,YAAY,EAAE,KAAK,EAAE,YAAY,EAAC;oBACxC,EAAC,IAAI,EAAC,aAAa,EAAE,KAAK,EAAE,aAAa,EAAC;iBAC3C;aACF;SACF,CAAC,CAAC,IAAI,CAAC,CAAC,OAAO,EAAE,EAAE;YAClB,IAAI,OAAO,CAAC,MAAM,KAAK,aAAa,EAAE;gBACpC,UAAU,GAAG,KAAK,CAAC;aACpB;YACD,MAAM,YAAY,GAAG,IAAI,CAAC,OAAO,CAAC;YAClC,YAAY,CAAC,IAAI,CAAC,CAAC,CAAC,EAAE,CAAC,EAAE,EAAE;gBACzB,IAAI,UAAU,EAAE;oBACd,OAAO,CAAC,CAAC,SAAS,CAAC,aAAa,CAAC,CAAC,CAAC,SAAS,CAAC,CAAC;iBAC/C;qBACI;oBACH,OAAO,CAAC,CAAC,SAAS,CAAC,aAAa,CAAC,CAAC,CAAC,SAAS,CAAC,CAAC;iBAC/C;YACH,CAAC,CAAC,CAAC;YACH,OAAO,CAAC,GAAG,CAAC,UAAU,CAAC,CAAA;YACvB,YAAY,CAAC,OAAO,CAAC,CAAC,IAAI,EAAE,EAAE;gBAC5B,OAAO,CAAC,GAAG,CAAC,IAAI,CAAC,SAAS,CAAC,CAAC;YAC9B,CAAC,CAAC,CAAC;YACH,IAAI,CAAC,SAAS,EAAE,CAAC;QACnB,CAAC,CAAC,CAAC;IACL,CAAC;IAED;;OAEG;IACH,sBAAsB;QACpB,IAAI,UAAU,GAAG,IAAI,CAAC,CAAC,yBAAyB;QAChD,MAAM,MAAM,GAAG,QAAQ,CAAC,kBAAkB,EAAE,CAAC;QAC7C,MAAM,CAAC;YACL;gBACE,IAAI,EAAE,MAAM;gBACZ,IAAI,EAAE,QAAQ;gBACd,OAAO,EAAE,uBAAuB;gBAChC,OAAO,EAAE;oBACP,EAAC,IAAI,EAAC,YAAY,EAAE,KAAK,EAAE,YAAY,EAAC;oBACxC,EAAC,IAAI,EAAC,aAAa,EAAE,KAAK,EAAE,aAAa,EAAC;iBAC3C;aACF;SACF,CAAC,CAAC,IAAI,CAAC,CAAC,OAAO,EAAE,EAAE;YAClB,IAAI,OAAO,CAAC,MAAM,KAAK,aAAa,EAAE;gBACpC,UAAU,GAAG,KAAK,CAAC;aACpB;YACD,MAAM,YAAY,GAAG,IAAI,CAAC,OAAO,CAAA;YACjC,YAAY,CAAC,IAAI,CAAC,CAAC,CAAC,EAAE,CAAC,EAAE,EAAE;gBACzB,IAAI,UAAU,EAAE;oBACd,OAAO,CAAC,CAAC,4BAA4B,CAAC,MAAM,CAAC,EAAE,GAAG,CAAC,CAAC,4BAA4B,CAAC,MAAM,CAAC,EAAE,CAAC;iBAC5F;qBACI;oBACH,OAAO,CAAC,CAAC,4BAA4B,CAAC,MAAM,CAAC,EAAE,GAAG,CAAC,CAAC,4BAA4B,CAAC,MAAM,CAAC,EAAE,CAAC;iBAC5F;YACH,CAAC,CAAC,CAAC;YACH,UAAU;YACV,YAAY,CAAC,OAAO,CAAC,CAAC,IAAI,EAAE,EAAE;gBAC5B,OAAO,CAAC,GAAG,CAAC,kBAAkB,IAAI,CAAC,4BAA4B,CAAC,MAAM,CAAC,EAAE,EAAE,CAAC,CAAC;YAC/E,CAAC,CAAC,CAAC;YACH,IAAI,CAAC,SAAS,EAAE,CAAC;QACnB,CAAC,CAAC,CAAC;IACL,CAAC;IAED;;OAEG;IACH,sBAAsB;QACpB,IAAI,UAAU,GAAG,IAAI,CAAC,CAAC,yBAAyB;QAChD,MAAM,MAAM,GAAG,QAAQ,CAAC,kBAAkB,EAAE,CAAC;QAC7C,MAAM,CAAC;YACL;gBACE,IAAI,EAAE,MAAM;gBACZ,IAAI,EAAE,QAAQ;gBACd,OAAO,EAAE,uBAAuB;gBAChC,OAAO,EAAE;oBACP,EAAC,IAAI,EAAC,YAAY,EAAE,KAAK,EAAE,YAAY,EAAC;oBACxC,EAAC,IAAI,EAAC,aAAa,EAAE,KAAK,EAAE,aAAa,EAAC;iBAC3C;aACF;SACF,CAAC,CAAC,IAAI,CAAC,CAAC,OAAO,EAAE,EAAE;YAClB,IAAI,OAAO,CAAC,MAAM,KAAK,aAAa,EAAE;gBACpC,UAAU,GAAG,KAAK,CAAC;aACpB;YACD,MAAM,YAAY,GAAG,IAAI,CAAC,OAAO,CAAC;YAClC,YAAY,CAAC,IAAI,CAAC,CAAC,CAAC,EAAE,CAAC,EAAE,EAAE;gBACzB,IAAI,UAAU,EAAE;oBACd,OAAO,CAAC,CAAC,4BAA4B,CAAC,GAAG,CAAC,EAAE,GAAG,CAAC,CAAC,4BAA4B,CAAC,GAAG,CAAC,EAAE,CAAC;iBACtF;qBACI;oBACH,OAAO,CAAC,CAAC,4BAA4B,CAAC,GAAG,CAAC,EAAE,GAAG,CAAC,CAAC,4BAA4B,CAAC,GAAG,CAAC,EAAE,CAAC;iBACtF;YACH,CAAC,CAAC,CAAC;YACH,YAAY,CAAC,OAAO,CAAC,CAAC,IAAI,EAAE,EAAE;gBAC5B,OAAO,CAAC,GAAG,CAAC,kBAAkB,IAAI,CAAC,4BAA4B,CAAC,GAAG,CAAC,EAAE,EAAE,CAAC,CAAC;YAC5E,CAAC,CAAC,CAAC;YACH,IAAI,CAAC,SAAS,EAAE,CAAC;QACnB,CAAC,CAAC,CAAC;IACL,CAAC;IAED;;OAEG;IACH,oBAAoB;QAClB,IAAI,UAAU,GAAG,IAAI,CAAC,CAAC,yBAAyB;QAChD,MAAM,MAAM,GAAG,QAAQ,CAAC,kBAAkB,EAAE,CAAC;QAC7C,MAAM,CAAC;YACL;gBACE,IAAI,EAAE,MAAM;gBACZ,IAAI,EAAE,QAAQ;gBACd,OAAO,EAAE,uBAAuB;gBAChC,OAAO,EAAE;oBACP,EAAC,IAAI,EAAC,YAAY,EAAE,KAAK,EAAE,YAAY,EAAC;oBACxC,EAAC,IAAI,EAAC,aAAa,EAAE,KAAK,EAAE,aAAa,EAAC;iBAC3C;aACF;SACF,CAAC,CAAC,IAAI,CAAC,CAAC,OAAO,EAAE,EAAE;YAClB,IAAI,OAAO,CAAC,MAAM,KAAK,aAAa,EAAE;gBACpC,UAAU,GAAG,KAAK,CAAC;aACpB;YACD,MAAM,YAAY,GAAG,IAAI,CAAC,OAAO,CAAC;YAClC,YAAY,CAAC,IAAI,CAAC,CAAC,CAAC,EAAE,CAAC,EAAE,EAAE;gBACzB,IAAI,UAAU,EAAE;oBACd,OAAO,CAAC,CAAC,4BAA4B,CAAC,GAAG,CAAC,EAAE,GAAG,CAAC,CAAC,4BAA4B,CAAC,GAAG,CAAC,EAAE,CAAC;iBACtF;qBACI;oBACH,OAAO,CAAC,CAAC,4BAA4B,CAAC,GAAG,CAAC,EAAE,GAAG,CAAC,CAAC,4BAA4B,CAAC,GAAG,CAAC,EAAE,CAAC;iBACtF;YACH,CAAC,CAAC,CAAC;YACH,UAAU;YACV,YAAY,CAAC,OAAO,CAAC,CAAC,IAAI,EAAE,EAAE;gBAC5B,OAAO,CAAC,GAAG,CAAC,gBAAgB,IAAI,CAAC,4BAA4B,CAAC,GAAG,CAAC,EAAE,EAAE,CAAC,CAAC;YAC1E,CAAC,CAAC,CAAC;YACH,IAAI,CAAC,SAAS,EAAE,CAAC;QACnB,CAAC,CAAC,CAAC;IACL,CAAC;IAED;;OAEG;IACH,qBAAqB;QACnB,IAAI,UAAU,GAAG,IAAI,CAAC,CAAC,yBAAyB;QAChD,MAAM,MAAM,GAAG,QAAQ,CAAC,kBAAkB,EAAE,CAAC;QAC7C,MAAM,CAAC;YACL;gBACE,IAAI,EAAE,MAAM;gBACZ,IAAI,EAAE,QAAQ;gBACd,OAAO,EAAE,uBAAuB;gBAChC,OAAO,EAAE;oBACP,EAAC,IAAI,EAAC,YAAY,EAAE,KAAK,EAAE,YAAY,EAAC;oBACxC,EAAC,IAAI,EAAC,aAAa,EAAE,KAAK,EAAE,aAAa,EAAC;iBAC3C;aACF;SACF,CAAC,CAAC,IAAI,CAAC,CAAC,OAAO,EAAE,EAAE;YAClB,IAAI,OAAO,CAAC,MAAM,KAAK,aAAa,EAAE;gBACpC,UAAU,GAAG,KAAK,CAAC;aACpB;YACD,MAAM,YAAY,GAAG,IAAI,CAAC,OAAO,CAAC;YAClC,YAAY,CAAC,IAAI,CAAC,CAAC,CAAC,EAAE,CAAC,EAAE,EAAE;gBACzB,IAAI,UAAU,EAAE;oBACd,OAAO,CAAC,CAAC,gBAAgB,CAAC,MAAM,GAAG,CAAC,CAAC,gBAAgB,CAAC,MAAM,CAAC;iBAC9D;qBACI;oBACH,OAAO,CAAC,CAAC,gBAAgB,CAAC,MAAM,GAAG,CAAC,CAAC,gBAAgB,CAAC,MAAM,CAAC;iBAC9D;YACH,CAAC,CAAC,CAAC;YACH,UAAU;YACV,YAAY,CAAC,OAAO,CAAC,CAAC,IAAI,EAAE,EAAE;gBAC5B,OAAO,CAAC,GAAG,CAAC,uBAAuB,IAAI,CAAC,gBAAgB,CAAC,MAAM,EAAE,CAAC,CAAC;YACrE,CAAC,CAAC,CAAC;YACH,IAAI,CAAC,SAAS,EAAE,CAAC;QACnB,CAAC,CAAC,CAAC;IACL,CAAC;IAED,UAAU;IAEV;;OAEG;IACH,YAAY;QACV,MAAM,MAAM,GAAG,QAAQ,CAAC,kBAAkB,EAAE,CAAC;QAC7C,MAAM,CAAC;YACL;gBACE,IAAI,EAAE,MAAM;gBACZ,IAAI,EAAE,QAAQ;gBACd,OAAO,EAAE,oBAAoB;gBAC7B,OAAO,EAAE;oBACP,EAAC,IAAI,EAAC,cAAc,EAAE,KAAK,EAAE,QAAQ,EAAC;oBACtC,EAAC,IAAI,EAAC,gBAAgB,EAAE,KAAK,EAAE,UAAU,EAAC;oBAC1C,EAAC,IAAI,EAAE,WAAW,EAAE,KAAK,EAAE,WAAW,EAAC;oBACvC,EAAC,IAAI,EAAC,OAAO,EAAE,KAAK,EAAE,OAAO,EAAC;iBAC/B;aACF;SACF,CAAC,CAAC,IAAI,CAAC,CAAC,OAAO,EAAE,EAAE;YAClB,QAAQ,OAAO,CAAC,MAAM,EAAE;gBACtB,KAAK,QAAQ;oBACX,IAAI,CAAC,iBAAiB,EAAE,CAAC;oBACzB,MAAM;gBACR,KAAK,UAAU;oBACb,IAAI,CAAC,mBAAmB,EAAE,CAAC;oBAC3B,MAAM;gBACR,KAAK,WAAW;oBACd,IAAI,CAAC,oBAAoB,EAAE,CAAC;oBAC5B,MAAM;gBACR,KAAK,OAAO;oBACV,OAAO,CAAC,IAAI,CAAC,CAAC,CAAC,CAAC;oBAChB,MAAM;aACT;QACH,CAAC,CAAC,CAAC;IACL,CAAC;IAGD;;OAEG;IACH,oBAAoB;QAClB,MAAM,MAAM,GAAG,QAAQ,CAAC,kBAAkB,EAAE,CAAC;QAC7C,MAAM,CAAC;YACL;gBACE,IAAI,EAAE,MAAM;gBACZ,IAAI,EAAE,QAAQ;gBACd,OAAO,EAAE,8BAA8B;gBACvC,OAAO,EAAE,IAAI,CAAC,OAAO,CAAC,GAAG,CAAC,CAAC,KAAK,EAAE,EAAE;oBAClC,OAAO,EAAC,IAAI,EAAE,KAAK,CAAC,SAAS,EAAE,KAAK,EAAE,KAAK,CAAC,KAAK,EAAC,CAAC;gBACrD,CAAC,CACA;aACF;SACF,CAAC,CAAC,IAAI,CAAC,CAAC,OAAO,EAAE,EAAE;YAClB,IAAI,CAAC,cAAc,CAAC,OAAO,CAAC,MAAM,CAAC,CAAC;QACtC,CAAC,CAAC,CAAC;IACL,CAAC;IAED;;;OAGG;IACH,gBAAgB,CAAC,aAAiB;QAChC,IAAI,CAAC,OAAO,CAAC,OAAO,CAAC,CAAC,GAAG,EAAE,MAAM,EAAE,EAAE;YACnC,IAAI,GAAG,CAAC,KAAK,IAAI,aAAa,EAAE;gBAC9B,aAAQ,CAAC,GAAG,CAAC,QAAQ,CAAC,CAAC,MAAM,CAAC,MAAM,EAAC,CAAC,CAAC,CAAC,KAAK,EAAE,CAAC;gBAChD,OAAO,IAAI,CAAC;aACb;QACH,CAAC,CAAC,CAAC;QACH,OAAO,KAAK,CAAC;IACf,CAAC;IAED;;;;OAIG;IACH,cAAc,CAAC,aAAiB;QAC9B,IAAI,sBAAsB,GAAG,KAAK,CAAC;QACnC,IAAI,MAAM,GAAG,CAAC,CAAC,CAAC;QAChB,IAAI,CAAC,OAAO,CAAC,OAAO,CAAC,CAAC,GAAG,EAAE,KAAK,EAAE,EAAE;YAClC,IAAI,GAAG,CAAC,KAAK,IAAI,aAAa,EAAE;gBAC9B,sBAAsB,GAAG,IAAI,CAAC;gBAC9B,MAAM,GAAG,KAAK,CAAC;aAChB;QACH,CAAC,CACA,CAAC;QACF,IAAI,CAAC,sBAAsB,EAAE;YAC3B,OAAO,CAAC,GAAG,CAAC,6CAA6C,CAAC,CAAC;YAC3D,OAAO;SACR;QAED,MAAM,MAAM,GAAG,QAAQ,CAAC,kBAAkB,EAAE,CAAC;QAC7C,MAAM,CAAC;YACL;gBACE,IAAI,EAAE,MAAM;gBACZ,IAAI,EAAE,QAAQ;gBACd,OAAO,EAAE,yBAAyB;gBAClC,OAAO,EAAE;oBACP,EAAC,IAAI,EAAC,QAAQ,EAAE,KAAK,EAAE,QAAQ,EAAC;oBAChC,EAAC,IAAI,EAAC,eAAe,EAAE,KAAK,EAAE,eAAe,EAAC;oBAC9C,EAAC,IAAI,EAAC,cAAc,EAAE,KAAK,EAAE,cAAc,EAAC;oBAC5C,EAAC,IAAI,EAAC,oBAAoB,EAAE,KAAK,EAAE,iBAAiB,EAAC;iBACtD;aACF;SACF,CAAC,CAAC,IAAI,CAAC,CAAC,OAAO,EAAE,EAAE;YAClB,QAAQ,OAAO,CAAC,MAAM,EAAE;gBACtB,KAAK,QAAQ;oBACX,MAAM,CAAC;wBACL;4BACE,IAAI,EAAE,OAAO;4BACb,IAAI,EAAE,SAAS;4BACf,OAAO,EAAE,uCAAuC;yBACjD;qBACF,CAAC,CAAC,IAAI,CAAC,CAAC,OAAO,EAAE,EAAE;wBAClB,IAAI,CAAC,OAAO,CAAC,MAAM,CAAC,CAAC,SAAS,GAAG,OAAO,CAAC,OAAO,CAAC;wBACjD,IAAI,CAAC,gBAAgB,CAAC,aAAa,CAAC,CAAC;wBACrC,MAAM,SAAS,GAAG,IAAI,aAAK,CAAC,IAAI,CAAC,OAAO,CAAC,MAAM,CAAC,CAAC,SAAS,EAAE,IAAI,CAAC,OAAO,CAAC,MAAM,CAAC,CAAC,gBAAgB,EAAC,IAAI,CAAC,OAAO,CAAC,MAAM,CAAC,CAAC,4BAA4B,EAAE,IAAI,CAAC,OAAO,CAAC,MAAM,CAAC,CAAC,iBAAiB,EAAG,IAAI,CAAC,OAAO,CAAC,MAAM,CAAC,CAAC,KAAK,CAAC,CAAC;wBAC1N,IAAI,CAAC,OAAO,CAAC,IAAI,CAAC,SAAS,CAAC,CAAC;wBAC7B,IAAI,CAAC,OAAO,CAAC,MAAM,CAAC,MAAM,EAAE,CAAC,CAAC,CAAC;wBAC/B,IAAI,CAAC,YAAY,EAAE,CAAC;oBACtB,CAAC,CACA,CAAC;oBACF,MAAM;gBACR,KAAK,eAAe;oBAClB,MAAM,CAAC;wBACL;4BACE,IAAI,EAAE,MAAM;4BACZ,IAAI,EAAE,QAAQ;4BACd,OAAO,EAAE,oBAAoB;4BAC7B,OAAO,EAAE;gCACP,EAAC,IAAI,EAAC,qBAAqB,EAAE,KAAK,EAAE,QAAQ,EAAC;gCAC7C,EAAC,IAAI,EAAC,uBAAuB,EAAE,KAAK,EAAE,UAAU,EAAC;6BAClD;yBACF;qBACF,CAAC,CAAC,IAAI,CAAC,CAAC,OAAO,EAAE,EAAE;wBAClB,QAAQ,OAAO,CAAC,MAAM,EAAE;4BACtB,KAAK,QAAQ;gCACX,MAAM,CAAC;oCACL;wCACE,IAAI,EAAE,OAAO;wCACb,IAAI,EAAE,iBAAiB;wCACvB,OAAO,EAAE,kCAAkC;qCAC5C;iCACF,CAAC,CAAC,IAAI,CAAC,CAAC,OAAO,EAAE,EAAE;oCAClB,IAAI,CAAC,OAAO,CAAC,MAAM,CAAC,CAAC,gBAAgB,GAAG,IAAI,CAAC,OAAO,CAAC,MAAM,CAAC,CAAC,gBAAgB,CAAC,MAAM,CAAC,OAAO,CAAC,eAAe,CAAC,CAAC;oCAC9G,IAAI,CAAC,gBAAgB,CAAC,aAAa,CAAC,CAAC;oCACrC,MAAM,SAAS,GAAG,IAAI,aAAK,CAAC,IAAI,CAAC,OAAO,CAAC,MAAM,CAAC,CAAC,SAAS,EAAE,IAAI,CAAC,OAAO,CAAC,MAAM,CAAC,CAAC,gBAAgB,EAAC,IAAI,CAAC,OAAO,CAAC,MAAM,CAAC,CAAC,4BAA4B,EAAE,IAAI,CAAC,OAAO,CAAC,MAAM,CAAC,CAAC,iBAAiB,EAAG,IAAI,CAAC,OAAO,CAAC,MAAM,CAAC,CAAC,KAAK,CAAC,CAAC;oCAC1N,IAAI,CAAC,OAAO,CAAC,IAAI,CAAC,SAAS,CAAC,CAAC;oCAC7B,IAAI,CAAC,OAAO,CAAC,MAAM,CAAC,MAAM,EAAE,CAAC,CAAC,CAAC;oCAC/B,IAAI,CAAC,YAAY,EAAE,CAAC;gCACtB,CAAC,CAAC,CAAC;gCACH,MAAM;4BACR,KAAK,UAAU;gCACb,MAAM,CAAC;oCACL;wCACE,IAAI,EAAE,OAAO;wCACb,IAAI,EAAE,iBAAiB;wCACvB,OAAO,EAAE,kCAAkC;qCAC5C;iCACF,CAAC,CAAC,IAAI,CAAC,CAAC,OAAO,EAAE,EAAE;oCAClB,IAAI,CAAC,OAAO,CAAC,MAAM,CAAC,CAAC,gBAAgB,GAAG,IAAI,CAAC,OAAO,CAAC,MAAM,CAAC,CAAC,gBAAgB,CAAC,MAAM,CAAC,CAAC,EAAE,EAAE,EAAE;wCAC1F,OAAO,EAAE,IAAI,OAAO,CAAC,eAAe,CAAC;oCACvC,CAAC,CAAC,CAAC;oCACH,IAAI,CAAC,gBAAgB,CAAC,aAAa,CAAC,CAAC;oCACrC,MAAM,SAAS,GAAG,IAAI,aAAK,CAAC,IAAI,CAAC,OAAO,CAAC,MAAM,CAAC,CAAC,SAAS,EAAE,IAAI,CAAC,OAAO,CAAC,MAAM,CAAC,CAAC,gBAAgB,EAAC,IAAI,CAAC,OAAO,CAAC,MAAM,CAAC,CAAC,4BAA4B,EAAE,IAAI,CAAC,OAAO,CAAC,MAAM,CAAC,CAAC,iBAAiB,EAAG,IAAI,CAAC,OAAO,CAAC,MAAM,CAAC,CAAC,KAAK,CAAC,CAAC;oCAC1N,IAAI,CAAC,OAAO,CAAC,IAAI,CAAC,SAAS,CAAC,CAAC;oCAC7B,IAAI,CAAC,OAAO,CAAC,MAAM,CAAC,MAAM,EAAE,CAAC,CAAC,CAAC;oCAC/B,IAAI,CAAC,YAAY,EAAE,CAAC;gCACtB,CAAC,CAAC,CAAC;gCACL,MAAM;yBACP;oBACH,CAAC,CAAC,CAAC;oBACH,MAAM;gBACR,KAAK,cAAc;oBACjB,MAAM,CAAC;wBACL;4BACE,IAAI,EAAE,OAAO;4BACb,IAAI,EAAE,YAAY;4BAClB,OAAO,EAAE,gCAAgC;yBAC1C;wBACD;4BACE,IAAI,EAAE,OAAO;4BACb,IAAI,EAAE,iBAAiB;4BACvB,OAAO,EAAE,oCAAoC;yBAC9C;wBACD;4BACE,IAAI,EAAE,OAAO;4BACb,IAAI,EAAE,SAAS;4BACf,OAAO,EAAE,2BAA2B;yBACrC;wBACD;4BACE,IAAI,EAAE,OAAO;4BACb,IAAI,EAAE,cAAc;4BACpB,OAAO,EAAE,+BAA+B;yBACzC;wBACD;4BACE,IAAI,EAAE,OAAO;4BACb,IAAI,EAAE,SAAS;4BACf,OAAO,EAAE,2BAA2B;yBACrC;wBACD;4BACE,IAAI,EAAE,OAAO;4BACb,IAAI,EAAE,cAAc;4BACpB,OAAO,EAAE,+BAA+B;yBACzC;qBACF,CAAC,CAAC,IAAI,CAAC,CAAC,QAAQ,EAAE,EAAE;wBACnB,MAAM,sBAAsB,GAAgB;4BAC1C,EAAE,EAAE,QAAQ,CAAC,UAAU;4BACvB,QAAQ,EAAE,QAAQ,CAAC,eAAe;yBACnC,CAAA;wBACD,MAAM,mBAAmB,GAAiB;4BACxC,EAAE,EAAE,QAAQ,CAAC,OAAO;4BACpB,QAAQ,EAAE,QAAQ,CAAC,YAAY;yBAChC,CAAA;wBACD,MAAM,mBAAmB,GAAiB;4BACxC,EAAE,EAAE,QAAQ,CAAC,OAAO;4BACpB,QAAQ,EAAE,QAAQ,CAAC,YAAY;yBAChC,CAAA;wBACD,MAAM,gBAAgB,GAA6B;4BACjD,MAAM,EAAE,sBAAsB;4BAC9B,GAAG,EAAE,mBAAmB;4BACxB,GAAG,EAAE,mBAAmB;yBACzB,CAAA;wBACD,IAAI,CAAC,OAAO,CAAC,MAAM,CAAC,CAAC,4BAA4B,GAAG,gBAAgB,CAAC;wBACrE,IAAI,CAAC,gBAAgB,CAAC,aAAa,CAAC,CAAC;wBACrC,MAAM,UAAU,GAAG,IAAI,aAAK,CAAC,IAAI,CAAC,OAAO,CAAC,MAAM,CAAC,CAAC,SAAS,EAAE,IAAI,CAAC,OAAO,CAAC,MAAM,CAAC,CAAC,gBAAgB,EAAE,IAAI,CAAC,OAAO,CAAC,MAAM,CAAC,CAAC,4BAA4B,EAAE,IAAI,CAAC,OAAO,CAAC,MAAM,CAAC,CAAC,iBAAiB,EAAE,IAAI,CAAC,OAAO,CAAC,MAAM,CAAC,CAAC,KAAK,CAAC,CAAC;wBAC3N,IAAI,CAAC,OAAO,CAAC,IAAI,CAAC,UAAU,CAAC,CAAC;wBAC9B,IAAI,CAAC,OAAO,CAAC,MAAM,CAAC,MAAM,EAAE,CAAC,CAAC,CAAC;wBAC/B,IAAI,CAAC,YAAY,EAAE,CAAC;oBACtB,CAAC,CAAC,CAAC;oBAEH,MAAM;gBACR,KAAK,iBAAiB;oBACpB,MAAM,CAAC;wBACL;4BACE,IAAI,EAAE,OAAO;4BACb,IAAI,EAAE,KAAK;4BACX,OAAO,EAAE,6BAA6B;yBACvC;wBACD;4BACE,IAAI,EAAE,OAAO;4BACb,IAAI,EAAE,KAAK;4BACX,OAAO,EAAE,6BAA6B;yBACvC;wBACD;4BACE,IAAI,EAAE,OAAO;4BACb,IAAI,EAAE,KAAK;4BACX,OAAO,EAAE,6BAA6B;yBACvC;wBACD;4BACE,IAAI,EAAE,OAAO;4BACb,IAAI,EAAE,IAAI;4BACV,OAAO,EAAE,4BAA4B;yBACtC;qBACF,CAAC,CAAC,IAAI,CAAC,CAAC,OAAO,EAAE,EAAE;wBAClB,0BAA0B;wBAC1B,MAAM,SAAS,GAAG;4BAChB,GAAG,EAAE,OAAO,CAAC,GAAG;4BAChB,GAAG,EAAE,OAAO,CAAC,GAAG;4BAChB,GAAG,EAAE,OAAO,CAAC,GAAG;yBACjB,CAAA;wBACD,MAAM,aAAa,GAAG;4BACpB,KAAK,EAAE,SAAS;4BAChB,EAAE,EAAE,OAAO,CAAC,EAAE;yBACf,CAAA;wBACD,IAAI,CAAC,OAAO,CAAC,MAAM,CAAC,CAAC,iBAAiB,CAAC,IAAI,CAAC,aAAa,CAAC,CAAC;wBAC3D,IAAI,CAAC,gBAAgB,CAAC,aAAa,CAAC,CAAC;wBACrC,MAAM,QAAQ,GAAG,IAAI,aAAK,CAAC,IAAI,CAAC,OAAO,CAAC,MAAM,CAAC,CAAC,SAAS,EAAE,IAAI,CAAC,OAAO,CAAC,MAAM,CAAC,CAAC,gBAAgB,EAAE,IAAI,CAAC,OAAO,CAAC,MAAM,CAAC,CAAC,4BAA4B,EAAE,IAAI,CAAC,OAAO,CAAC,MAAM,CAAC,CAAC,iBAAiB,EAAE,IAAI,CAAC,OAAO,CAAC,MAAM,CAAC,CAAC,KAAK,CAAC,CAAC;wBACzN,IAAI,CAAC,OAAO,CAAC,IAAI,CAAC,QAAQ,CAAC,CAAC;wBAC5B,IAAI,CAAC,OAAO,CAAC,MAAM,CAAC,MAAM,EAAE,CAAC,CAAC,CAAC;wBAC/B,IAAI,CAAC,YAAY,EAAE,CAAC;oBACtB,CAAC,CAAC,CAAC;oBACH,MAAM;aACT;QACH,CAAC,CAAC,CAAC;IACL,CAAC;IAED;;OAEG;IACH,mBAAmB;QACjB,MAAM,MAAM,GAAG,QAAQ,CAAC,kBAAkB,EAAE,CAAC;QAC7C,MAAM,CAAC;YACL;gBACE,IAAI,EAAE,MAAM;gBACZ,IAAI,EAAE,QAAQ;gBACd,OAAO,EAAE,6BAA6B;gBACtC,OAAO,EAAE,IAAI,CAAC,SAAS,CAAC,GAAG,CAAC,CAAC,KAAK,EAAE,EAAE;oBACpC,OAAO,EAAC,IAAI,EAAE,KAAK,CAAC,SAAS,EAAE,KAAK,EAAE,KAAK,CAAC,KAAK,EAAC,CAAC;gBACrD,CAAC,CACA;aACF;SACF,CAAC,CAAC,IAAI,CAAC,CAAC,OAAO,EAAE,EAAE;YAClB,IAAI,CAAC,aAAa,CAAC,OAAO,CAAC,MAAM,CAAC,CAAC;YACnC,IAAI,CAAC,YAAY,EAAE,CAAC;QACtB,CAAC,CAAC,CAAC;IACL,CAAC;IAED;;OAEG;IACH,aAAa,CAAC,aAAiB;QAC7B,IAAI,YAAY,GAAG,KAAK,CAAC;QACzB,IAAI,SAA4B,CAAC;QAEjC,IAAI,CAAC,OAAO,CAAC,OAAO,CAAC,CAAC,KAAK,EAAE,MAAM,EAAE,EAAE;YACrC,IAAI,KAAK,CAAC,KAAK,IAAI,aAAa,EAAE;gBAChC,SAAS,GAAG,KAAK,CAAC;gBAClB,IAAI,CAAC,OAAO,CAAC,MAAM,CAAC,MAAM,EAAE,CAAC,CAAC,CAAC;gBAC/B,YAAY,GAAG,IAAI,CAAC;gBACpB,aAAQ,CAAC,GAAG,CAAC,QAAQ,CAAC,CAAC,MAAM,CAAC,MAAM,EAAC,CAAC,CAAC,CAAC,KAAK,EAAE,CAAC;aACjD;QACH,CAAC,CAAC,CAAC;QACH,IAAI,YAAY,EAAE;YAChB,OAAO,SAAS,CAAC;SAClB;aACI;YACH,OAAO,SAAS,CAAC;SAClB;IAEH,CAAC;IAED;;OAEG;IACH,iBAAiB;QACf,MAAM,MAAM,GAAG,QAAQ,CAAC,kBAAkB,EAAE,CAAC;QAC7C,MAAM,CAAC;YACL;gBACE,IAAI,EAAE,OAAO;gBACb,IAAI,EAAE,QAAQ;gBACd,OAAO,EAAE,+BAA+B;aACzC;YACD;gBACE,IAAI,EAAE,OAAO;gBACb,IAAI,EAAE,eAAe;gBACrB,OAAO,EAAE,qDAAqD;aAC/D;YACD;gBACE,IAAI,EAAE,OAAO;gBACb,IAAI,EAAE,eAAe;gBACrB,OAAO,EAAE,wDAAwD;aAClE;YACD;gBACE,IAAI,EAAE,OAAO;gBACb,IAAI,EAAE,eAAe;gBACrB,OAAO,EAAE,mDAAmD;aAC7D;YACD;gBACE,IAAI,EAAE,OAAO;gBACb,IAAI,EAAE,eAAe;gBACrB,OAAO,EAAE,mDAAmD;aAC7D;YACD;gBACE,IAAI,EAAE,OAAO;gBACb,IAAI,EAAE,WAAW;gBACjB,OAAO,EAAE,0DAA0D;aACpE;SACF,CAAC,CAAC,IAAI,CAAC,CAAC,OAAO,EAAE,EAAE;YAClB,MAAM,aAAa,GAAS,OAAO,CAAC,aAAa,CAAC,KAAK,CAAC,GAAG,CAAC,CAAC;YAC7D,MAAM,gBAAgB,GAAG,EAAE,CAAC;YAC5B,MAAM,UAAU,GAAG,OAAO,CAAC,SAAS,CAAC,KAAK,CAAC,GAAG,CAAC,CAAC;YAChD,gBAAgB,CAAC,IAAI,CAAC,OAAO,CAAC,aAAa,CAAC,KAAK,CAAC,GAAG,CAAC,CAAC,CAAC;YACxD,gBAAgB,CAAC,IAAI,CAAC,OAAO,CAAC,aAAa,CAAC,KAAK,CAAC,GAAG,CAAC,CAAC,CAAC;YACxD,gBAAgB,CAAC,IAAI,CAAC,OAAO,CAAC,aAAa,CAAC,KAAK,CAAC,GAAG,CAAC,CAAC,CAAC;YAExD,MAAM,IAAI,GAAgB,EAAC,EAAE,EAAE,QAAQ,CAAC,gBAAgB,CAAC,CAAC,CAAC,CAAC,CAAC,CAAC,CAAC,EAAE,QAAQ,EAAE,QAAQ,CAAC,gBAAgB,CAAC,CAAC,CAAC,CAAC,CAAC,CAAC,CAAC,EAAC,CAAC;YAC7G,MAAM,IAAI,GAAgB,EAAC,EAAE,EAAE,QAAQ,CAAC,gBAAgB,CAAC,CAAC,CAAC,CAAC,CAAC,CAAC,CAAC,EAAE,QAAQ,EAAE,QAAQ,CAAC,gBAAgB,CAAC,CAAC,CAAC,CAAC,CAAC,CAAC,CAAC,EAAC,CAAC;YAC7G,MAAM,IAAI,GAAgB,EAAC,EAAE,EAAE,QAAQ,CAAC,gBAAgB,CAAC,CAAC,CAAC,CAAC,CAAC,CAAC,CAAC,EAAE,QAAQ,EAAE,QAAQ,CAAC,gBAAgB,CAAC,CAAC,CAAC,CAAC,CAAC,CAAC,CAAC,EAAC,CAAC;YAE7G,MAAM,YAAY,GAA6B;gBAC7C,MAAM,EAAE,IAAI;gBACZ,GAAG,EAAE,IAAI;gBACT,GAAG,EAAE,IAAI;aACV,CAAA;YAED,MAAM,SAAS,GAAG,IAAI,aAAK,CAAC,OAAO,CAAC,MAAM,EAAE,aAAa,EAAE,YAAY,EAAE,UAAU,CAAC,CAAC;YACrF,IAAI,CAAC,OAAO,CAAC,IAAI,CAAC,SAAS,CAAC,CAAC;YAC7B,IAAI,CAAC,YAAY,EAAE,CAAC;QACtB,CAAC,CAAC,CAAC;IACL,CAAC;IAGD,qBAAqB;IAErB;;OAEG;IACH,IAAI,SAAS;QACX,OAAO,IAAI,CAAC,OAAO,CAAC;IACtB,CAAC;IAED;;OAEG;IACH,IAAI,SAAS,CAAC,MAAe;QAC3B,IAAI,CAAC,OAAO,GAAG,MAAM,CAAC;IACxB,CAAC;CAEF;AA7oBD,4CA6oBC;AAED,gCAAgC;AAChC,YAAY;AACZ,mBAAmB;AACnB,IAAI;AAEJ,iCAAiC;AACjC,YAAY;AACZ,kBAAkB;AAClB,IAAI;AAEJ,iCAAiC;AACjC,YAAY;AACZ,kBAAkB;AAClB,IAAI;AAEJ,6BAA6B;AAC7B,YAAY;AACZ,mBAAmB;AACnB,IAAI;AAEJ,8BAA8B;AAC9B,YAAY;AACZ,mBAAmB;AACnB,IAAI;AAEJ,8BAA8B;AAC9B,YAAY;AACZ,mBAAmB;AACnB,IAAI;AAEJ,6BAA6B;AAC7B,YAAY;AACZ,mBAAmB;AACnB,IAAI;AAEJ,8BAA8B;AAC9B,YAAY;AACZ,mBAAmB;AACnB,IAAI;AAEJ,8BAA8B;AAC9B,YAAY;AACZ,mBAAmB;AACnB,IAAI;AAEJ,mDAAmD;AACnD,oBAAoB;AACpB,cAAc;AACd,aAAa;AACb,IAAI;AAEJ,oDAAoD;AACpD,qBAAqB;AACrB,eAAe;AACf,cAAc;AACd,IAAI;AAEJ,oDAAoD;AACpD,qBAAqB;AACrB,eAAe;AACf,cAAc;AACd,IAAI;AAEJ,0BAA0B;AAC1B,YAAY;AACZ,YAAY;AACZ,cAAc;AACd,IAAI;AAEJ,0BAA0B;AAC1B,YAAY;AACZ,YAAY;AACZ,cAAc;AACd,IAAI;AAEJ,0BAA0B;AAC1B,YAAY;AACZ,YAAY;AACZ,cAAc;AACd,IAAI;AAEJ,0BAA0B;AAC1B,YAAY;AACZ,YAAY;AACZ,cAAc;AACd,IAAI;AAEJ,sCAAsC;AACtC,mBAAmB;AACnB,UAAU;AACV,IAAI;AAEJ,sCAAsC;AACtC,mBAAmB;AACnB,UAAU;AACV,IAAI;AAEJ,sCAAsC;AACtC,mBAAmB;AACnB,UAAU;AACV,IAAI;AAEJ,sCAAsC;AACtC,mBAAmB;AACnB,UAAU;AACV,IAAI;AAEJ,sCAAsC;AACtC,mBAAmB;AACnB,UAAU;AACV,IAAI;AAEJ,sCAAsC;AACtC,mBAAmB;AACnB,UAAU;AACV,IAAI;AAEJ,sGAAsG;AACtG,4FAA4F;AAC5F,6FAA6F;AAC7F,gGAAgG;AAChG,uGAAuG;AACvG,6FAA6F","sourcesContent":["import * as inquirer from \"inquirer\";\nimport { database } from \"./bd\";\nimport { Grupo } from \"./grupo\";\nimport { ID, fecha, estadistica, estadisticaEntrenamiento, historicoRutas } from \"./types\";\n\n/**\n * Clase que representa una colección de grupos.\n * @class\n */\nexport class GruposCollection {\n  private grupos_: Grupo[];\n\n  /**\n   * Constructor de la clase GruposCollection.\n   */\n  constructor() {\n    this.leerBD();\n  }\n  \n  /**\n   * Método que lee los elementos de la base de datos y los guarda en el array de grupos.\n   */\n  leerBD() {\n    const grupos_aux = database.get(\"grupos\").value();\n    const array_aux: Grupo[] = [];\n    grupos_aux.forEach((group) => {\n      const group_aux: Grupo = new Grupo(group.nombre, group.participantes, group.estadisticasEntrenamiento, group.historicoRutas, group.id);\n      array_aux.push(group_aux);\n    });\n    this.setGrupos = array_aux;  \n  }\n\n  //* INFO\n\n  /**\n   * Método que muestra la información de los grupos.\n   */\n  infoGrupo() {\n    const prompt = inquirer.createPromptModule();\n    prompt([\n      {\n        type: 'list',\n        name: 'opcion',\n        message: '¿Qué deseas ver?',\n        choices: [\n          {name:'Mostrar por orden alfabético los grupos', value: 'alfabetico'},\n          {name:'Ordenar por kms semanales', value: 'kms_semanales'},\n          {name:'Ordenar por kms mensuales', value: 'kms_mensuales'},\n          {name:'Ordenar por kms anuales', value:'kms_anuales'},\n          {name:'Ordenar por nº de usuarios', value: 'num_usuarios'},\n          {name:'Salir', value: 'Salir'},\n        ]\n      }\n    ]).then((answers) => {\n      switch (answers.opcion) {\n        case 'alfabetico':\n          this.ordenarGruposPorNombre();\n          break;\n        case 'kms_semanales':\n          this.ordenarPorKmsSemanales();\n          break;\n        case 'kms_mensuales':\n          this.ordenarPorKmsMensuales();\n          break;\n        case 'kms_anuales':\n          this.ordenarPorKmsAnuales();\n          break;\n        case 'num_usuarios':\n          this.ordenarPorNumUsuarios();\n          break;\n        case 'Salir':\n          // cerrar prompt\n          process.exit(0);\n          break;\n      }\n    });\n  }\n  \n  /**\n   * Método que ordena los grupos por nombre.\n   */\n  ordenarGruposPorNombre() {\n    let ascendente = true; // por defecto ascendente\n    const prompt = inquirer.createPromptModule();\n    prompt([\n      {\n        type: 'list',\n        name: 'opcion',\n        message: '¿Cómo deseas ordenar?',\n        choices: [\n          {name:'Ascendente', value: 'ascendente'},\n          {name:'Descendente', value: 'descendente'},\n        ]\n      }\n    ]).then((answers) => {\n      if (answers.opcion === 'descendente') {\n        ascendente = false;\n      }\n      const copia_grupos = this.grupos_;\n      copia_grupos.sort((a, b) => {\n        if (ascendente) {\n          return a.getNombre.localeCompare(b.getNombre);\n        }\n        else {\n          return b.getNombre.localeCompare(a.getNombre);\n        }\n      });\n      console.log(\"Grupos: \")\n      copia_grupos.forEach((ruta) => {\n        console.log(ruta.getNombre);\n      });\n      this.infoGrupo();\n    });\n  }\n\n  /**\n   * Método que ordena los grupos por kms semanales.\n   */\n  ordenarPorKmsSemanales() {\n    let ascendente = true; // por defecto ascendente\n    const prompt = inquirer.createPromptModule();\n    prompt([\n      {\n        type: 'list',\n        name: 'opcion',\n        message: '¿Cómo deseas ordenar?',\n        choices: [\n          {name:'Ascendente', value: 'ascendente'},\n          {name:'Descendente', value: 'descendente'},\n        ]\n      }\n    ]).then((answers) => {\n      if (answers.opcion === 'descendente') {\n        ascendente = false;\n      }\n      const copia_grupos = this.grupos_\n      copia_grupos.sort((a, b) => {\n        if (ascendente) {\n          return a.getEstadisticasEntrenamiento.semana.km - b.getEstadisticasEntrenamiento.semana.km;\n        }\n        else {\n          return b.getEstadisticasEntrenamiento.semana.km - a.getEstadisticasEntrenamiento.semana.km;\n        }\n      });\n      // mostrar\n      copia_grupos.forEach((ruta) => {\n        console.log(`Kms semanales: ${ruta.getEstadisticasEntrenamiento.semana.km}`);\n      });\n      this.infoGrupo();\n    });\n  }\n\n  /**\n   * Método que ordena los grupos por kms mensuales.\n   */\n  ordenarPorKmsMensuales() {\n    let ascendente = true; // por defecto ascendente\n    const prompt = inquirer.createPromptModule();\n    prompt([\n      {\n        type: 'list',\n        name: 'opcion',\n        message: '¿Cómo deseas ordenar?',\n        choices: [\n          {name:'Ascendente', value: 'ascendente'},\n          {name:'Descendente', value: 'descendente'},\n        ]\n      }\n    ]).then((answers) => {\n      if (answers.opcion === 'descendente') {\n        ascendente = false;\n      }\n      const copia_grupos = this.grupos_;\n      copia_grupos.sort((a, b) => {\n        if (ascendente) {\n          return a.getEstadisticasEntrenamiento.mes.km - b.getEstadisticasEntrenamiento.mes.km;\n        }\n        else {\n          return b.getEstadisticasEntrenamiento.mes.km - a.getEstadisticasEntrenamiento.mes.km;\n        }\n      });\n      copia_grupos.forEach((ruta) => {\n        console.log(`Kms mensuales: ${ruta.getEstadisticasEntrenamiento.mes.km}`);\n      });\n      this.infoGrupo();\n    });\n  }\n\n  /**\n   * Método que ordena los grupos por kms anuales.\n   */\n  ordenarPorKmsAnuales() {\n    let ascendente = true; // por defecto ascendente\n    const prompt = inquirer.createPromptModule();\n    prompt([\n      {\n        type: 'list',\n        name: 'opcion',\n        message: '¿Cómo deseas ordenar?',\n        choices: [\n          {name:'Ascendente', value: 'ascendente'},\n          {name:'Descendente', value: 'descendente'},\n        ]\n      }\n    ]).then((answers) => {\n      if (answers.opcion === 'descendente') {\n        ascendente = false;\n      }\n      const copia_grupos = this.grupos_;\n      copia_grupos.sort((a, b) => {\n        if (ascendente) {\n          return a.getEstadisticasEntrenamiento.año.km - b.getEstadisticasEntrenamiento.año.km;\n        }\n        else {\n          return b.getEstadisticasEntrenamiento.año.km - a.getEstadisticasEntrenamiento.año.km;\n        }\n      });\n      // mostrar\n      copia_grupos.forEach((ruta) => {\n        console.log(`Kms anuales: ${ruta.getEstadisticasEntrenamiento.año.km}`);\n      });\n      this.infoGrupo();\n    });\n  }\n\n  /**\n   * Método que ordena los grupos por número de usuarios.\n   */\n  ordenarPorNumUsuarios() {\n    let ascendente = true; // por defecto ascendente\n    const prompt = inquirer.createPromptModule();\n    prompt([\n      {\n        type: 'list',\n        name: 'opcion',\n        message: '¿Cómo deseas ordenar?',\n        choices: [\n          {name:'Ascendente', value: 'ascendente'},\n          {name:'Descendente', value: 'descendente'},\n        ]\n      }\n    ]).then((answers) => {\n      if (answers.opcion === 'descendente') {\n        ascendente = false;\n      }\n      const copia_grupos = this.grupos_;\n      copia_grupos.sort((a, b) => {\n        if (ascendente) {\n          return a.getParticipantes.length - b.getParticipantes.length;\n        }\n        else {\n          return b.getParticipantes.length - a.getParticipantes.length;\n        }\n      });\n      // mostrar\n      copia_grupos.forEach((ruta) => {\n        console.log(`Número de usuarios: ${ruta.getParticipantes.length}`);\n      });\n      this.infoGrupo();\n    });\n  }\n\n  //* MANAGE\n\n  /**\n   * Método que gestiona los grupos.\n   */\n  manageGrupos() {\n    const prompt = inquirer.createPromptModule();\n    prompt([\n      {\n        type: 'list',\n        name: 'opcion',\n        message: '¿Qué deseas hacer?',\n        choices: [\n          {name:'Añadir grupo', value: 'añadir'},\n          {name:'Eliminar grupo', value: 'eliminar'},\n          {name: 'Modificar', value: 'modificar'},\n          {name:'Salir', value: 'Salir'},\n        ]\n      }\n    ]).then((answers) => {\n      switch (answers.opcion) {\n        case 'añadir':\n          this.promptAñadirGrupo();\n          break;\n        case 'eliminar':\n          this.promptEliminarGrupo();\n          break;\n        case 'modificar':\n          this.promptModificarGrupo();\n          break;\n        case 'Salir':\n          process.exit(0);\n          break;\n      }\n    });\n  }\n\n  \n  /**\n   * Método que impelementa el prompt para modificar un grupo.\n   */\n  promptModificarGrupo() {\n    const prompt = inquirer.createPromptModule();\n    prompt([\n      {\n        type: 'list',\n        name: 'opcion',\n        message: '¿Qué grupo deseas modificar?',\n        choices: this.grupos_.map((group) => {\n          return {name: group.getNombre, value: group.getID};\n        }\n        )\n      }\n    ]).then((answers) => {\n      this.modificarGrupo(answers.opcion);    \n    });\n  }\n\n  /**\n   * Metodo para borrar un elemento de la base de datos\n   * @param identificador \n   */\n  borrarElementoBD(identificador: ID): boolean{\n    this.grupos_.forEach((grp, indice) => {\n      if (grp.getID == identificador) {\n        database.get(\"grupos\").splice(indice,1).write();\n        return true;\n      }\n    });\n    return false;\n  }\n\n  /**\n   * Método que modifica un grupo.\n   * @param identificador \n   * @returns \n   */\n  modificarGrupo(identificador: ID) {\n    let id_existe_en_coleccion = false;\n    let indice = -1;\n    this.grupos_.forEach((grp, index) => {\n      if (grp.getID == identificador) {\n        id_existe_en_coleccion = true;\n        indice = index;\n      }\n    }\n    );\n    if (!id_existe_en_coleccion) {\n      console.log('No existe el grupo que se intenta modificar');\n      return;\n    }\n\n    const prompt = inquirer.createPromptModule();\n    prompt([ \n      {\n        type: 'list',\n        name: 'opcion',\n        message: '¿Qué quieres modificar?',\n        choices: [\n          {name:'Nombre', value: 'nombre'},\n          {name:'Participantes', value: 'participantes'},\n          {name:'Estadísticas', value: 'estadisticas'},\n          {name:'Historico de rutas', value: 'historico_rutas'},\n        ]\n      }\n    ]).then((answers) => {\n      switch (answers.opcion) {\n        case 'nombre':\n          prompt([\n            {\n              type: 'input',\n              name: 'nombre2',\n              message: 'Introduce el nuevo nombre del usuario',\n            }\n          ]).then((answers) => {\n            this.grupos_[indice].setNombre = answers.nombre2;\n            this.borrarElementoBD(identificador);\n            const grupo_aux = new Grupo(this.grupos_[indice].getNombre, this.grupos_[indice].getParticipantes,this.grupos_[indice].getEstadisticasEntrenamiento, this.grupos_[indice].getHistoricoRutas,  this.grupos_[indice].getID);\n            this.grupos_.push(grupo_aux);\n            this.grupos_.splice(indice, 1);\n            this.manageGrupos();\n          }\n          );\n          break;\n        case 'participantes':\n          prompt([\n            {\n              type: 'list',\n              name: 'opcion',\n              message: '¿Qué deseas hacer?',\n              choices: [\n                {name:'Añadir participante', value: 'añadir'},\n                {name:'Eliminar participante', value: 'eliminar'},\n              ]\n            }\n          ]).then((answers) => {\n            switch (answers.opc
[...]
reak;\n            }\n          });\n\n                \n          break;\n        case 'grupos_de_amigos':\n          prompt([\n            {\n              type: 'list',\n              name: 'grupos',\n              message: '¿Qué deseas hacer?',\n              choices: [\n                {name:'Añadir grupo', value: 'añadir'},\n                {name:'Eliminar grupo', value: 'eliminar'},\n              ]\n            }\n          ]).then((answers) => {\n            switch (answers.grupos) {\n              case 'añadir':\n                prompt([\n                  {\n                    type: 'input',\n                    name: 'grupo',\n                    message: 'Introduce el id del grupo de amigos \"id1,id2\"',\n                  }\n                ]).then((answers) => {  \n                  this.usuarios[indice].setGrupoAmigos = this.usuarios[indice].getGrupoAmigos.concat(answers.grupo);\n                  this.borrarElementoBD(identificador);\n                  const ruta_aux = new Usuario(this.usuarios[indice].getNombre, this.usuarios[indice].getActividad, this.usuarios[indice].getAmigos, this.usuarios[indice].getGrupoAmigos, this.usuarios[indice].getEstadisticas, this.usuarios[indice].getHistoricoRutas, this.usuarios[indice].getRetos, this.usuarios[indice].getID);\n                  this.usuarios.push(ruta_aux);\n                  this.usuarios.splice(indice, 1);\n                  this.manageUsuarios();\n                });\n                break;\n              case 'eliminar':\n                prompt([\n                  {\n                    type: 'list',\n                    name: 'id',\n                    message: '¿Qué grupo de amigos quieres eliminar?',\n                    choices: this.usuarios[indice].getGrupoAmigos.map((grupo) => {\n                      return {name: grupo, value: grupo};\n                    }\n                    )\n                  }\n                ]).then((answers) => {\n                  this.usuarios[indice].setGrupoAmigos = this.usuarios[indice].getGrupoAmigos.filter((grupo) => {\n                    return grupo != answers.id;\n                  }\n                  );\n                  this.borrarElementoBD(identificador);\n                  const ruta_aux = new Usuario(this.usuarios[indice].getNombre, this.usuarios[indice].getActividad, this.usuarios[indice].getAmigos, this.usuarios[indice].getGrupoAmigos, this.usuarios[indice].getEstadisticas, this.usuarios[indice].getHistoricoRutas, this.usuarios[indice].getRetos, this.usuarios[indice].getID);\n                  this.usuarios.push(ruta_aux);\n                  this.usuarios.splice(indice, 1);\n                  this.manageUsuarios();\n                });\n              break;\n            }\n          });\n          break;\n        case 'estadisticas':\n          prompt([\n            {\n              type: 'input',\n              name: 'kms_semana',\n              message: 'Introduce los kms de la semana',\n            },\n            {\n              type: 'input',\n              name: 'desnivel_semana',\n              message: 'Introduce el desnivel de la semana',\n            },\n            {\n              type: 'input',\n              name: 'kms_mes',\n              message: 'Introduce los kms del mes',\n            },\n            {\n              type: 'input',\n              name: 'desnivel_mes',\n              message: 'Introduce el desnivel del mes',\n            },\n            {\n              type: 'input',\n              name: 'kms_año',\n              message: 'Introduce los kms del año',\n            },\n            {\n              type: 'input',\n              name: 'desnivel_año',\n              message: 'Introduce el desnivel del año',\n            }\n          ]).then((answers5) => {\n            // generar 3 estadisticas con los nuevos datos\n            const new_estadistica_semana: estadistica = {\n              km: answers5.kms_semana,\n              desnivel: answers5.desnivel_semana,\n            }\n            const new_estadistica_mes: estadistica  = {\n              km: answers5.kms_mes,\n              desnivel: answers5.desnivel_mes,\n            }\n            const new_estadistica_año: estadistica  = {\n              km: answers5.kms_año,\n              desnivel: answers5.desnivel_año,\n            }\n            // crear un nuevo array de estadisticas e insertarlo en el array de estadisticas de la clase\n            const new_estadisticas: estadisticaEntrenamiento = {\n              semana: new_estadistica_semana,\n              mes: new_estadistica_mes,\n              año: new_estadistica_año,\n            }\n            this.usuarios[indice].setEstadisticas = new_estadisticas;\n            this.borrarElementoBD(identificador);\n            const ruta_aux = new Usuario(this.usuarios[indice].getNombre, this.usuarios[indice].getActividad, this.usuarios[indice].getAmigos, this.usuarios[indice].getGrupoAmigos, this.usuarios[indice].getEstadisticas, this.usuarios[indice].getHistoricoRutas, this.usuarios[indice].getRetos, this.usuarios[indice].getID);\n            this.usuarios.push(ruta_aux);\n            this.usuarios.splice(indice, 1);\n            this.manageUsuarios();\n          });\n          \n          break;\n        case 'historico_rutas':\n          prompt([\n            {\n              type: 'input',\n              name: 'dia',\n              message: 'Introduce el dia de la ruta',\n            },\n            {\n              type: 'input',\n              name: 'mes',\n              message: 'Introduce el mes de la ruta',\n            },\n            {\n              type: 'input',\n              name: 'año',\n              message: 'Introduce el año de la ruta',\n            },\n            {\n              type: 'input',\n              name: 'id',\n              message: 'Introduce el id de la ruta',\n            }\n          ]).then((answers) => {\n            const new_fecha = {\n              dia: answers.dia,\n              mes: answers.mes,\n              año: answers.año,\n            }\n            const new_historico = {\n              fecha: new_fecha,\n              id: answers.id,\n            }\n            // añadirlo y modificar la base de datos\n            this.usuarios[indice].getHistoricoRutas.push(new_historico);\n            this.borrarElementoBD(identificador);\n            const ruta_aux = new Usuario(this.usuarios[indice].getNombre, this.usuarios[indice].getActividad, this.usuarios[indice].getAmigos, this.usuarios[indice].getGrupoAmigos, this.usuarios[indice].getEstadisticas, this.usuarios[indice].getHistoricoRutas, this.usuarios[indice].getRetos, this.usuarios[indice].getID);\n            this.usuarios.push(ruta_aux);\n            this.usuarios.splice(indice, 1);\n            this.manageUsuarios();\n          });\n          break;\n        case 'retos':\n          prompt([\n            {\n              type: 'list',\n              name: 'retos',\n              message: '¿Qué deseas hacer?',\n              choices: [\n                {name:'Añadir reto', value: 'añadir'},\n                {name:'Eliminar reto', value: 'eliminar'},\n              ]\n            }\n          ]).then((answers) => {\n            switch (answers.retos) {\n              case 'añadir':\n                prompt([\n                  {\n                    type: 'input',\n                    name: 'nombre',\n                    message: 'Introduce el id del reto que quiera añadir',\n                  }\n                ]).then((answers) => {\n                  this.usuarios[indice].setRetos = this.usuarios[indice].getRetos.concat(answers.nombre);  \n                  this.borrarElementoBD(identificador);\n                  const ruta_aux = new Usuario(this.usuarios[indice].getNombre, this.usuarios[indice].getActividad, this.usuarios[indice].getAmigos, this.usuarios[indice].getGrupoAmigos, this.usuarios[indice].getEstadisticas, this.usuarios[indice].getHistoricoRutas, this.usuarios[indice].getRetos, this.usuarios[indice].getID);\n                  this.usuarios.push(ruta_aux);\n                  this.usuarios.splice(indice, 1);\n                  this.manageUsuarios();\n                });\n                break;\n              case 'eliminar':\n                prompt([\n                  {\n                    type: 'input',\n                    name: 'nombre',\n                    message: 'Introduce el id del reto que desee eliminar',\n                  }\n                ]).then((answers) => {\n                  const usuarios = this.usuarios[indice].getRetos;\n                  const indice_reto = usuarios.indexOf(answers.nombre);\n                  if (indice_reto == -1) {\n                    console.log('El reto no existe');\n                    return;\n                  }\n                  this.usuarios[indice].setRetos = answers.nombre;\n                  this.borrarElementoBD(identificador);\n                  const ruta_aux = new Usuario(this.usuarios[indice].getNombre, this.usuarios[indice].getActividad, this.usuarios[indice].getAmigos, this.usuarios[indice].getGrupoAmigos, this.usuarios[indice].getEstadisticas, this.usuarios[indice].getHistoricoRutas, this.usuarios[indice].getRetos, this.usuarios[indice].getID);\n                  this.usuarios.push(ruta_aux);\n                  this.usuarios.splice(indice, 1);\n                  this.manageUsuarios();\n                });\n                break;\n            }\n          });\n          break;\n      }\n    });\n  }\n\n  //* INFO USUARIO\n\n  /**\n   * Metodo para ordenar los usuarios por nombre\n   */\n  ordenarUsuarioPorNombre() {\n   let ascendente = true; // por defecto ascendente\n   const prompt = inquirer.createPromptModule();\n   prompt([\n     {\n       type: 'list',\n       name: 'opcion',\n       message: '¿Cómo deseas ordenar?',\n       choices: [\n         {name:'Ascendente', value: 'ascendente'},\n         {name:'Descendente', value: 'descendente'},\n       ]\n     }\n   ]).then((answers) => {\n     if (answers.opcion === 'descendente') {\n       ascendente = false;\n     }\n     const copia_rutas = this.usuarios;\n     copia_rutas.sort((a, b) => {\n       if (ascendente) {\n         return a.getNombre.localeCompare(b.getNombre);\n       }\n       else {\n         return b.getNombre.localeCompare(a.getNombre);\n       }\n     });\n     copia_rutas.forEach((ruta) => {\n       console.log(`Nombre: ${ruta.getNombre}`);\n     });\n     this.infoUsuario();\n   });\n  }\n\n  /**\n   * Metodo para ordenar los usuarios por kms semanales\n   */\n  ordenarPorKmsSemanales() {\n   let ascendente = true; // por defecto ascendente\n   const prompt = inquirer.createPromptModule();\n   prompt([\n     {\n       type: 'list',\n       name: 'opcion',\n       message: '¿Cómo deseas ordenar?',\n       choices: [\n         {name:'Ascendente', value: 'ascendente'},\n         {name:'Descendente', value: 'descendente'},\n       ]\n     }\n   ]).then((answers) => {\n     if (answers.opcion === 'descendente') {\n       ascendente = false;\n     }\n     const copia_rutas = this.usuarios;\n     copia_rutas.sort((a, b) => {\n       if (ascendente) {\n         return a.getEstadisticas.semana.km - b.getEstadisticas.semana.km;\n       }\n       else {\n         return b.getEstadisticas.semana.km - a.getEstadisticas.semana.km;\n       }\n     });\n     // mostrar\n     copia_rutas.forEach((ruta) => {\n       console.log(`Kms semanales: ${ruta.getEstadisticas.semana.km}`);\n     });\n     this.infoUsuario();\n   });\n  }\n  \n  /**\n   * Metodo para ordenar los usuarios por kms mensuales\n   */\n  ordenarPorKmsMensuales() {\n    let ascendente = true; // por defecto ascendente\n    const prompt = inquirer.createPromptModule();\n    prompt([\n      {\n        type: 'list',\n        name: 'opcion',\n        message: '¿Cómo deseas ordenar?',\n        choices: [\n          {name:'Ascendente', value: 'ascendente'},\n          {name:'Descendente', value: 'descendente'},\n        ]\n      }\n    ]).then((answers) => {\n      if (answers.opcion === 'descendente') {\n        ascendente = false;\n      }\n      const copia_rutas = this.usuarios;\n      copia_rutas.sort((a, b) => {\n        if (ascendente) {\n          return a.getEstadisticas.mes.km - b.getEstadisticas.mes.km;\n        }\n        else {\n          return b.getEstadisticas.mes.km - a.getEstadisticas.mes.km;\n        }\n      });\n      // mostrar\n      copia_rutas.forEach((ruta) => {\n        console.log(`Kms mensuales: ${ruta.getEstadisticas.mes.km}`);\n      });\n      this.infoUsuario();\n    });\n  }\n\n  /**\n   * Metodo para ordenar los usuarios por kms anuales\n   */\n  ordenarPorKmsAnuales() {\n    let ascendente = true; // por defecto ascendente\n    const prompt = inquirer.createPromptModule();\n    prompt([\n      {\n        type: 'list',\n        name: 'opcion',\n        message: '¿Cómo deseas ordenar?',\n        choices: [\n          {name:'Ascendente', value: 'ascendente'},\n          {name:'Descendente', value: 'descendente'},\n        ]\n      }\n    ]).then((answers) => {\n      if (answers.opcion === 'descendente') {\n        ascendente = false;\n      }\n      const copia_rutas = this.usuarios;\n      copia_rutas.sort((a, b) => {\n        if (ascendente) {\n          return a.getEstadisticas.año.km - b.getEstadisticas.año.km;\n        }\n        else {\n          return b.getEstadisticas.año.km - a.getEstadisticas.año.km;\n        }\n      });\n      copia_rutas.forEach((ruta) => {\n        console.log(`Kms anuales: ${ruta.getEstadisticas.año.km}`);\n      });\n      this.infoUsuario();\n    });\n  }\n\n  /**\n   * Método que controla el menú de información de los usuarios\n   */\n  infoUsuario() {\n    const prompt = inquirer.createPromptModule();\n    prompt([\n      {\n        type: 'list',\n        name: 'opcion',\n        message: '¿Qué deseas ver?',\n        choices: [\n          {name:'Mostrar por orden alfabético los usuarios', value: 'alfabetico'},\n          {name:'Por kms semanales', value: 'kms_semanales'},\n          {name:'Por kms mensuales', value: 'kms_mensuales'},\n          {name:'Por kms anuales', value:'kms_anuales'},\n          {name:'Salir', value: 'Salir'},\n        ]\n      }\n    ]).then((answers) => {\n      switch (answers.opcion) {\n        case 'alfabetico':\n          this.ordenarUsuarioPorNombre();\n          break;\n        case 'kms_semanales':\n          this.ordenarPorKmsSemanales();\n          break;\n        case 'kms_mensuales':\n          this.ordenarPorKmsMensuales();\n          break;\n        case 'kms_anuales':\n          this.ordenarPorKmsAnuales();\n          break;\n        case 'Salir':\n          process.exit(0);\n          break;\n      }\n    });\n  }\n\n  //* GETTERs Y SETTERs\n\n  /**\n   * Método que devuelve el array de usuarios\n   * @returns {Usuario[]} Array de usuarios\n   */\n  get getUsuarios() {\n    return this.usuarios;\n  }\n\n  /**\n   * Método que modifica el array de usuarios\n   * @param usuarios -- nuevo array de usuarios\n   */\n  set setUsuarios(usuarios: Usuario[]) {\n    this.usuarios = usuarios;\n  }\n}\n\n// const semana: estadistica = {\n//   km: 10,\n//   desnivel: 1000\n// }\n\n// const semana2: estadistica = {\n//   km: 20,\n//   desnivel: 200\n// }\n\n// const semana3: estadistica = {\n//   km: 30,\n//   desnivel: 300\n// }\n\n// const mes: estadistica = {\n//   km: 20,\n//   desnivel: 2000\n// }\n\n// const mes2: estadistica = {\n//   km: 30,\n//   desnivel: 3000\n// }\n\n// const mes3: estadistica = {\n//   km: 40,\n//   desnivel: 4000\n// }\n\n// const año: estadistica = {\n//   km: 30,\n//   desnivel: 3000\n// }\n\n// const año2: estadistica = {\n//   km: 40,\n//   desnivel: 4000\n// }\n\n// const año3: estadistica = {\n//   km: 50,\n//   desnivel: 5000\n// }\n\n// const estadisticas: estadisticaEntrenamiento = {\n//   semana: semana,\n//   mes: mes,\n//   año: año\n// }\n\n// const estadisticas2: estadisticaEntrenamiento = {\n//   semana: semana2,\n//   mes: mes2,\n//   año: año2\n// }\n\n// const estadisticas3: estadisticaEntrenamiento = {\n//   semana: semana3,\n//   mes: mes3,\n//   año: año3\n// }\n\n// const fecha1: fecha = {\n//   dia: 1,\n//   mes: 1,\n//   año: 2021\n// }\n\n// const fecha2: fecha = {\n//   dia: 2,\n//   mes: 2,\n//   año: 2021\n// }\n\n// const fecha3: fecha = {\n//   dia: 3,\n//   mes: 3,\n//   año: 2021\n// }\n\n// const fecha4: fecha = {\n//   dia: 4,\n//   mes: 4,\n//   año: 2021\n// }\n\n// const historic1: historicoRutas = {\n//   fecha: fecha1,\n//   id: 1\n// }\n\n// const historic2: historicoRutas = {\n//   fecha: fecha2,\n//   id: 2\n// }\n\n// const historic3: historicoRutas = {\n//   fecha: fecha3,\n//   id: 3\n// }\n\n// const historic4: historicoRutas = {\n//   fecha: fecha4,\n//   id: 1\n// }\n\n// const historic5: historicoRutas = {\n//   fecha: fecha1,\n//   id: 2\n// }\n\n// const historic6: historicoRutas = {\n//   fecha: fecha2,\n//   id: 3\n// }\n\n// const user0 = new Usuario(\"user0\", \"correr\", [1,2,3], [[1,2],[3,4],[5,6]], estadisticas, [historic1,historic2,historic3], [1,2,3]);\n// const user1 = new Usuario(\"user1\", \"correr\", [2,3], [[0,2],[3,4],[5,6]], estadisticas2, [historic4,historic5,historic6], [1,2,3]);\n// const user2 = new Usuario(\"user2\", \"correr\", [1,3,4], [[0,1],[3,4],[5,6]], estadisticas3, [historic1,historic2,historic3], [1,3]);\n// const user3 = new Usuario(\"user3\", \"correr\", [1,2,4], [[0,1],[2,4],[5,6]], estadisticas, [historic4,historic5,historic6], [1,2,3]);\n// const user4 = new Usuario(\"user4\", \"correr\", [1,2,3], [[0,1],[2,3],[5,6]], estadisticas2, [historic1,historic2,historic3], [1,2,3]);\n// const user5 = new Usuario(\"user5\", \"correr\", [1,2,3], [[0,1],[2,3],[4,6]], estadisticas3, [historic4,historic5,historic6], [1,2,3]);\n// const user6 = new Usuario(\"user6\", \"correr\", [1,2,3], [[0,1],[2,3],[4,5]], estadisticas, [historic1,historic2,historic3], [1,2,3]);\n// const user7 = new Usuario(\"user7\", \"correr\", [1,2,3], [[0,1],[2,3],[4,5]], estadisticas2, [historic4,historic5,historic6], [1,2,3]);\n// const user8 = new Usuario(\"user8\", \"correr\", [1,2,3], [[0,1],[2,3],[4,5]], estadisticas3, [historic1,historic2,historic3], [1,2,3]);\n// const user9 = new Usuario(\"user9\", \"correr\", [1,2,3], [[0,1],[2,3],[4,5]], estadisticas, [historic4,historic5,historic6], [1,2,3]);\n// const user10 = new Usuario(\"user10\", \"correr\", [1,2,3], [[0,1],[2,3],[4,5]], estadisticas2, [historic1,historic2,historic3], [1,2,3]);\n// const user11 = new Usuario(\"user11\", \"correr\", [1,2,3], [[0,1],[2,3],[4,5]], estadisticas3, [historic4,historic5,historic6], [1,2,3]);\n// const user12 = new Usuario(\"user12\", \"correr\", [1,2,3], [[0,1],[2,3],[4,5]], estadisticas, [historic1,historic2,historic3], [1,2,3]);\n// const user13 = new Usuario(\"user13\", \"correr\", [1,2,3], [[0,1],[2,3],[4,5]], estadisticas2, [historic4,historic5,historic6], [1,2,3]);\n// const user14 = new Usuario(\"user14\", \"correr\", [1,2,3], [[0,1],[2,3],[4,5]], estadisticas3, [historic1,historic2,historic3], [1,2,3]);\n// const user15 = new Usuario(\"user15\", \"correr\", [1,2,3], [[0,1],[2,3],[4,5]], estadisticas, [historic4,historic5,historic6], [1,2,3]);\n// const user16 = new Usuario(\"user16\", \"correr\", [1,2,3], [[0,1],[2,3],[4,5]], estadisticas2, [historic1,historic2,historic3], [1,2,3]);\n// const user17 = new Usuario(\"user17\", \"correr\", [1,2,3], [[0,1],[2,3],[4,5]], estadisticas3, [historic4,historic5,historic6], [1,2,3]);\n// const user18 = new Usuario(\"user18\", \"correr\", [1,2,3], [[0,1],[2,3],[4,5]], estadisticas, [historic1,historic2,historic3], [1,2,3]);\n// const user19 = new Usuario(\"user19\", \"correr\", [1,2,3], [[0,1],[2,3],[4,5]], estadisticas2, [historic4,historic5,historic6], [1,2,3]);"]},"_coverageSchema":"1a1c01bbd47fc00a2c39e90264f33305004495a9","hash":"e13c3f4fcafe72649d43a38e911c76ab43e27144","contentHash":"dbf80b4ff4d60a68c6ce860576d9b6d2e2665c818522d9116180f3bc3ec77bea"}}