TN:
SF:src/bd.ts
FNF:0
FNH:0
DA:2,1
DA:3,1
DA:8,1
DA:9,1
LF:4
LH:4
BRF:0
BRH:0
end_of_record
TN:
SF:src/grupo.ts
FN:28,(anonymous_0)
FN:49,(anonymous_1)
FN:96,(anonymous_2)
FN:104,(anonymous_3)
FN:112,(anonymous_4)
FN:120,(anonymous_5)
FN:128,(anonymous_6)
FN:136,(anonymous_7)
FN:144,(anonymous_8)
FN:152,(anonymous_9)
FN:160,(anonymous_10)
FN:168,(anonymous_11)
FN:176,(anonymous_12)
FN:184,(anonymous_13)
FN:192,(anonymous_14)
FN:200,(anonymous_15)
FN:209,(anonymous_16)
FNF:17
FNH:17
FNDA:2,(anonymous_0)
FNDA:5,(anonymous_1)
FNDA:1,(anonymous_2)
FNDA:1,(anonymous_3)
FNDA:1,(anonymous_4)
FNDA:1,(anonymous_5)
FNDA:1,(anonymous_6)
FNDA:1,(anonymous_7)
FNDA:1,(anonymous_8)
FNDA:1,(anonymous_9)
FNDA:1,(anonymous_10)
FNDA:1,(anonymous_11)
FNDA:1,(anonymous_12)
FNDA:1,(anonymous_13)
FNDA:1,(anonymous_14)
FNDA:1,(anonymous_15)
FNDA:1,(anonymous_16)
DA:4,1
DA:11,1
DA:29,2
DA:30,2
DA:31,2
DA:32,2
DA:33,2
DA:36,2
DA:39,2
DA:40,2
DA:41,1
DA:43,1
DA:44,0
DA:48,1
DA:49,5
DA:50,1
DA:51,0
DA:54,1
DA:58,1
DA:97,1
DA:105,1
DA:113,1
DA:121,1
DA:129,1
DA:137,1
DA:145,1
DA:153,1
DA:161,1
DA:169,1
DA:177,1
DA:185,1
DA:193,1
DA:201,1
DA:210,1
DA:211,1
LF:35
LH:33
BRDA:40,0,0,1
BRDA:40,0,1,1
BRDA:43,1,0,0
BRDA:43,1,1,1
BRDA:50,2,0,0
BRDA:50,2,1,1
BRF:6
BRH:4
end_of_record
TN:
SF:src/reto.ts
FN:26,(anonymous_0)
FN:43,(anonymous_1)
FN:66,(anonymous_2)
FN:76,(anonymous_3)
FN:83,(anonymous_4)
FN:99,(anonymous_5)
FN:107,(anonymous_6)
FN:115,(anonymous_7)
FN:123,(anonymous_8)
FN:131,(anonymous_9)
FN:139,(anonymous_10)
FN:147,(anonymous_11)
FN:155,(anonymous_12)
FN:163,(anonymous_13)
FN:171,(anonymous_14)
FN:179,(anonymous_15)
FN:187,(anonymous_16)
FNF:17
FNH:17
FNDA:2,(anonymous_0)
FNDA:4,(anonymous_1)
FNDA:1,(anonymous_2)
FNDA:2,(anonymous_3)
FNDA:70,(anonymous_4)
FNDA:1,(anonymous_5)
FNDA:1,(anonymous_6)
FNDA:1,(anonymous_7)
FNDA:1,(anonymous_8)
FNDA:1,(anonymous_9)
FNDA:1,(anonymous_10)
FNDA:1,(anonymous_11)
FNDA:1,(anonymous_12)
FNDA:1,(anonymous_13)
FNDA:1,(anonymous_14)
FNDA:1,(anonymous_15)
FNDA:1,(anonymous_16)
DA:5,1
DA:11,1
DA:27,2
DA:28,2
DA:29,2
DA:30,2
DA:31,2
DA:33,2
DA:34,2
DA:35,1
DA:37,1
DA:38,0
DA:42,1
DA:43,4
DA:44,1
DA:45,0
DA:48,1
DA:51,1
DA:67,1
DA:68,1
DA:78,2
DA:79,2
DA:81,2
DA:83,20
DA:84,70
DA:85,7
DA:90,2
DA:100,1
DA:108,1
DA:116,1
DA:124,1
DA:132,1
DA:140,1
DA:148,1
DA:156,1
DA:164,1
DA:172,1
DA:180,1
DA:188,1
LF:39
LH:37
BRDA:34,0,0,1
BRDA:34,0,1,1
BRDA:37,1,0,0
BRDA:37,1,1,1
BRDA:44,2,0,0
BRDA:44,2,1,1
BRDA:84,3,0,7
BRDA:84,3,1,63
BRF:8
BRH:6
end_of_record
TN:
SF:src/ruta.ts
FN:33,(anonymous_0)
FN:56,(anonymous_1)
FN:82,(anonymous_2)
FN:93,(anonymous_3)
FN:101,(anonymous_4)
FN:109,(anonymous_5)
FN:117,(anonymous_6)
FN:125,(anonymous_7)
FN:133,(anonymous_8)
FN:141,(anonymous_9)
FN:149,(anonymous_10)
FN:157,(anonymous_11)
FN:167,(anonymous_12)
FN:175,(anonymous_13)
FN:183,(anonymous_14)
FN:191,(anonymous_15)
FN:199,(anonymous_16)
FN:207,(anonymous_17)
FN:215,(anonymous_18)
FN:223,(anonymous_19)
FN:231,(anonymous_20)
FNF:21
FNH:21
FNDA:2,(anonymous_0)
FNDA:9,(anonymous_1)
FNDA:1,(anonymous_2)
FNDA:1,(anonymous_3)
FNDA:1,(anonymous_4)
FNDA:1,(anonymous_5)
FNDA:1,(anonymous_6)
FNDA:1,(anonymous_7)
FNDA:1,(anonymous_8)
FNDA:1,(anonymous_9)
FNDA:1,(anonymous_10)
FNDA:1,(anonymous_11)
FNDA:1,(anonymous_12)
FNDA:1,(anonymous_13)
FNDA:1,(anonymous_14)
FNDA:1,(anonymous_15)
FNDA:1,(anonymous_16)
FNDA:1,(anonymous_17)
FNDA:1,(anonymous_18)
FNDA:1,(anonymous_19)
FNDA:1,(anonymous_20)
DA:3,1
DA:9,1
DA:34,2
DA:35,2
DA:36,2
DA:37,2
DA:38,2
DA:39,2
DA:40,2
DA:41,2
DA:43,2
DA:44,2
DA:45,1
DA:48,1
DA:49,0
DA:55,1
DA:56,9
DA:57,1
DA:58,0
DA:61,1
DA:64,1
DA:83,1
DA:84,1
DA:94,1
DA:102,1
DA:110,1
DA:118,1
DA:126,1
DA:134,1
DA:142,1
DA:150,1
DA:158,1
DA:168,1
DA:176,1
DA:184,1
DA:192,1
DA:200,1
DA:208,1
DA:216,1
DA:224,1
DA:232,1
LF:41
LH:39
BRDA:44,0,0,1
BRDA:44,0,1,1
BRDA:48,1,0,0
BRDA:48,1,1,1
BRDA:57,2,0,0
BRDA:57,2,1,1
BRF:6
BRH:4
end_of_record
TN:
SF:src/usuario.ts
FN:32,(anonymous_0)
FN:52,(anonymous_1)
FN:82,(anonymous_2)
FN:90,(anonymous_3)
FN:98,(anonymous_4)
FN:106,(anonymous_5)
FN:114,(anonymous_6)
FN:122,(anonymous_7)
FN:130,(anonymous_8)
FN:138,(anonymous_9)
FN:146,(anonymous_10)
FN:156,(anonymous_11)
FN:164,(anonymous_12)
FN:172,(anonymous_13)
FN:180,(anonymous_14)
FN:188,(anonymous_15)
FN:196,(anonymous_16)
FN:204,(anonymous_17)
FN:212,(anonymous_18)
FN:220,(anonymous_19)
FN:227,(anonymous_20)
FN:234,(anonymous_21)
FN:254,(anonymous_22)
FN:270,(anonymous_23)
FNF:24
FNH:24
FNDA:2,(anonymous_0)
FNDA:19,(anonymous_1)
FNDA:1,(anonymous_2)
FNDA:1,(anonymous_3)
FNDA:1,(anonymous_4)
FNDA:1,(anonymous_5)
FNDA:1,(anonymous_6)
FNDA:1,(anonymous_7)
FNDA:1,(anonymous_8)
FNDA:1,(anonymous_9)
FNDA:1,(anonymous_10)
FNDA:1,(anonymous_11)
FNDA:1,(anonymous_12)
FNDA:1,(anonymous_13)
FNDA:1,(anonymous_14)
FNDA:1,(anonymous_15)
FNDA:1,(anonymous_16)
FNDA:3,(anonymous_17)
FNDA:1,(anonymous_18)
FNDA:1,(anonymous_19)
FNDA:2,(anonymous_20)
FNDA:4,(anonymous_21)
FNDA:1,(anonymous_22)
FNDA:1,(anonymous_23)
DA:3,1
DA:9,1
DA:33,2
DA:34,2
DA:35,2
DA:36,2
DA:37,2
DA:38,2
DA:39,2
DA:40,2
DA:42,2
DA:43,2
DA:44,1
DA:47,1
DA:48,0
DA:51,1
DA:52,19
DA:53,1
DA:54,0
DA:57,1
DA:60,1
DA:83,1
DA:91,1
DA:99,1
DA:107,1
DA:115,1
DA:123,1
DA:131,1
DA:139,1
DA:147,1
DA:157,1
DA:165,1
DA:173,1
DA:181,1
DA:189,1
DA:197,1
DA:205,3
DA:213,1
DA:221,1
DA:228,2
DA:229,2
DA:230,2
DA:231,2
DA:232,6
DA:234,4
DA:235,2
DA:236,2
DA:237,6
DA:238,0
DA:241,6
DA:242,0
DA:244,6
DA:247,2
DA:255,1
DA:256,1
DA:257,1
DA:258,2
DA:259,2
DA:260,2
DA:263,1
DA:271,1
DA:272,1
LF:62
LH:58
BRDA:43,0,0,1
BRDA:43,0,1,1
BRDA:47,1,0,0
BRDA:47,1,1,1
BRDA:53,2,0,0
BRDA:53,2,1,1
BRDA:237,3,0,0
BRDA:237,3,1,6
BRDA:241,4,0,0
BRDA:241,4,1,6
BRDA:259,5,0,2
BRDA:259,5,1,0
BRF:12
BRH:7
end_of_record
